::1 - - [17/Jan/2019:17:43:11 +0100] "GET /login.php HTTP/1.1" 200 786
::1 - - [17/Jan/2019:17:43:45 +0100] "GET /login.php HTTP/1.1" 200 786
::1 - - [17/Jan/2019:17:43:46 +0100] "GET /login.php HTTP/1.1" 200 786
::1 - - [17/Jan/2019:17:43:49 +0100] "GET /login.php HTTP/1.1" 200 786
::1 - - [17/Jan/2019:17:43:51 +0100] "GET /login.php HTTP/1.1" 200 786
::1 - - [17/Jan/2019:17:44:02 +0100] "GET /login.php HTTP/1.1" 200 786
::1 - - [17/Jan/2019:17:44:03 +0100] "GET /login.php HTTP/1.1" 200 786
::1 - - [17/Jan/2019:17:44:04 +0100] "GET /login.php HTTP/1.1" 200 786
::1 - - [17/Jan/2019:17:44:10 +0100] "GET /login.php HTTP/1.1" 200 786
::1 - - [17/Jan/2019:17:44:18 +0100] "GET /login.php HTTP/1.1" 200 786
::1 - - [17/Jan/2019:17:44:41 +0100] "GET /login.php HTTP/1.1" 200 787
::1 - - [17/Jan/2019:17:44:44 +0100] "GET /login.php HTTP/1.1" 200 786
::1 - - [17/Jan/2019:17:45:25 +0100] "GET /login.php HTTP/1.1" 200 786
::1 - - [17/Jan/2019:17:45:26 +0100] "GET /login.php HTTP/1.1" 200 786
::1 - - [17/Jan/2019:17:45:41 +0100] "GET /login.php HTTP/1.1" 200 786
::1 - - [17/Jan/2019:17:47:03 +0100] "GET /login.php HTTP/1.1" 200 786
::1 - - [17/Jan/2019:17:47:07 +0100] "GET /login.php HTTP/1.1" 200 786
::1 - - [17/Jan/2019:17:47:07 +0100] "GET /login.php HTTP/1.1" 200 786
::1 - - [17/Jan/2019:17:47:08 +0100] "GET /login.php HTTP/1.1" 200 786
::1 - - [17/Jan/2019:17:47:14 +0100] "GET /login.php HTTP/1.1" 200 786
::1 - - [17/Jan/2019:17:47:15 +0100] "GET /login.php HTTP/1.1" 200 786
::1 - - [17/Jan/2019:17:47:38 +0100] "GET /login.php HTTP/1.1" 200 788
::1 - - [17/Jan/2019:17:47:46 +0100] "GET /login.php HTTP/1.1" 200 786
::1 - - [17/Jan/2019:17:48:04 +0100] "GET /login.php HTTP/1.1" 200 787
::1 - - [17/Jan/2019:17:48:08 +0100] "GET /login.php HTTP/1.1" 200 786
::1 - - [17/Jan/2019:17:48:29 +0100] "POST /process.php HTTP/1.1" 200 73
::1 - - [17/Jan/2019:17:48:35 +0100] "GET /login.php HTTP/1.1" 200 786
::1 - - [17/Jan/2019:17:48:45 +0100] "POST /process.php HTTP/1.1" 200 73
::1 - - [17/Jan/2019:17:48:50 +0100] "GET /login.php HTTP/1.1" 200 786
::1 - - [17/Jan/2019:17:49:02 +0100] "GET /index.php HTTP/1.1" 302 164
::1 - - [17/Jan/2019:17:49:02 +0100] "GET /login.php HTTP/1.1" 200 786
::1 - - [17/Jan/2019:17:49:08 +0100] "GET /index.php HTTP/1.1" 302 164
::1 - - [17/Jan/2019:17:49:08 +0100] "GET /login.php HTTP/1.1" 200 786
::1 - - [17/Jan/2019:17:49:20 +0100] "POST /process.php HTTP/1.1" 302 2
::1 - - [17/Jan/2019:17:49:20 +0100] "GET /index.php HTTP/1.1" 200 1414
::1 - - [17/Jan/2019:17:49:35 +0100] "GET /login.php HTTP/1.1" 200 786
::1 - - [17/Jan/2019:17:49:38 +0100] "POST /process.php HTTP/1.1" 200 73
::1 - - [17/Jan/2019:17:49:43 +0100] "GET /login.php HTTP/1.1" 200 786
::1 - - [17/Jan/2019:17:49:48 +0100] "GET /index.php HTTP/1.1" 200 1414
::1 - - [17/Jan/2019:17:49:50 +0100] "GET /about.html HTTP/1.1" 404 208
::1 - - [17/Jan/2019:17:49:53 +0100] "GET /index.php HTTP/1.1" 200 1414
::1 - - [17/Jan/2019:17:49:54 +0100] "GET /contact.html HTTP/1.1" 404 210
::1 - - [17/Jan/2019:17:49:56 +0100] "GET /index.php HTTP/1.1" 200 1414
::1 - - [17/Jan/2019:17:50:09 +0100] "GET /logout.php HTTP/1.1" 302 -
::1 - - [17/Jan/2019:17:50:09 +0100] "GET /index.php HTTP/1.1" 302 164
::1 - - [17/Jan/2019:17:50:09 +0100] "GET /login.php HTTP/1.1" 200 786
::1 - - [17/Jan/2019:17:50:13 +0100] "GET /index.php HTTP/1.1" 302 164
::1 - - [17/Jan/2019:17:50:13 +0100] "GET /login.php HTTP/1.1" 200 786
::1 - - [17/Jan/2019:17:50:39 +0100] "GET /login.php HTTP/1.1" 200 786
::1 - - [17/Jan/2019:17:50:40 +0100] "GET /login.php HTTP/1.1" 200 786
::1 - - [17/Jan/2019:17:50:40 +0100] "GET /login.php HTTP/1.1" 200 786
::1 - - [17/Jan/2019:17:50:41 +0100] "GET /login.php HTTP/1.1" 200 786
::1 - - [17/Jan/2019:17:50:41 +0100] "GET /login.php HTTP/1.1" 200 786
::1 - - [17/Jan/2019:17:50:41 +0100] "GET /login.php HTTP/1.1" 200 786
::1 - - [17/Jan/2019:17:50:42 +0100] "GET /login.php HTTP/1.1" 200 786
::1 - - [17/Jan/2019:17:50:42 +0100] "GET /login.php HTTP/1.1" 200 786
::1 - - [17/Jan/2019:17:50:42 +0100] "GET /login.php HTTP/1.1" 200 786
::1 - - [17/Jan/2019:17:50:42 +0100] "GET /login.php HTTP/1.1" 200 786
::1 - - [17/Jan/2019:17:51:05 +0100] "GET /login.php HTTP/1.1" 200 786
::1 - - [17/Jan/2019:17:51:06 +0100] "GET /login.php HTTP/1.1" 200 786
::1 - - [17/Jan/2019:17:51:09 +0100] "GET /login.php HTTP/1.1" 200 786
::1 - - [17/Jan/2019:17:51:09 +0100] "GET /login.php HTTP/1.1" 200 786
::1 - - [17/Jan/2019:17:51:10 +0100] "GET /login.php HTTP/1.1" 200 786
::1 - - [17/Jan/2019:17:51:15 +0100] "GET /login.php HTTP/1.1" 200 786
::1 - - [17/Jan/2019:17:51:19 +0100] "GET /login.php HTTP/1.1" 200 786
::1 - - [17/Jan/2019:17:51:19 +0100] "GET /style.css HTTP/1.1" 200 1478
::1 - - [17/Jan/2019:17:51:19 +0100] "GET /logout_btn.jpg HTTP/1.1" 404 212
::1 - - [17/Jan/2019:17:51:19 +0100] "GET /favicon.ico HTTP/1.1" 404 209
::1 - - [17/Jan/2019:17:51:20 +0100] "GET /login.php HTTP/1.1" 200 786
::1 - - [17/Jan/2019:17:51:20 +0100] "GET /style.css HTTP/1.1" 200 1478
::1 - - [17/Jan/2019:17:51:20 +0100] "GET /logout_btn.jpg HTTP/1.1" 404 212
::1 - - [17/Jan/2019:17:51:20 +0100] "GET /favicon.ico HTTP/1.1" 404 209
::1 - - [17/Jan/2019:17:51:21 +0100] "GET /login.php HTTP/1.1" 200 786
::1 - - [17/Jan/2019:17:51:30 +0100] "GET /login.php HTTP/1.1" 200 786
::1 - - [17/Jan/2019:17:51:30 +0100] "GET /style.css HTTP/1.1" 200 1472
::1 - - [17/Jan/2019:17:51:31 +0100] "GET /login.php HTTP/1.1" 200 786
::1 - - [17/Jan/2019:17:51:31 +0100] "GET /style.css HTTP/1.1" 304 -
::1 - - [17/Jan/2019:17:51:49 +0100] "GET /login.php HTTP/1.1" 200 786
::1 - - [17/Jan/2019:17:51:49 +0100] "GET /style.css HTTP/1.1" 200 1473
::1 - - [17/Jan/2019:17:51:54 +0100] "GET /login.php HTTP/1.1" 200 786
::1 - - [17/Jan/2019:17:51:54 +0100] "GET /style.css HTTP/1.1" 200 1472
::1 - - [17/Jan/2019:17:52:08 +0100] "GET /login.php HTTP/1.1" 200 786
::1 - - [17/Jan/2019:17:52:08 +0100] "GET /style.css HTTP/1.1" 200 1472
::1 - - [17/Jan/2019:17:52:15 +0100] "GET /login.php HTTP/1.1" 200 786
::1 - - [17/Jan/2019:17:52:15 +0100] "GET /style.css HTTP/1.1" 200 1472
::1 - - [17/Jan/2019:17:52:22 +0100] "GET /login.php HTTP/1.1" 200 786
::1 - - [17/Jan/2019:17:52:22 +0100] "GET /style.css HTTP/1.1" 200 1472
::1 - - [17/Jan/2019:17:52:28 +0100] "GET /login.php HTTP/1.1" 200 786
::1 - - [17/Jan/2019:17:52:28 +0100] "GET /style.css HTTP/1.1" 200 1472
::1 - - [17/Jan/2019:17:52:46 +0100] "GET /login.php HTTP/1.1" 200 786
::1 - - [17/Jan/2019:17:52:46 +0100] "GET /style.css HTTP/1.1" 200 1472
::1 - - [17/Jan/2019:17:52:52 +0100] "GET /login.php HTTP/1.1" 200 786
::1 - - [17/Jan/2019:17:52:52 +0100] "GET /style.css HTTP/1.1" 200 1472
::1 - - [17/Jan/2019:17:53:04 +0100] "GET /login.php HTTP/1.1" 200 786
::1 - - [17/Jan/2019:17:53:04 +0100] "GET /style.css HTTP/1.1" 200 1472
::1 - - [17/Jan/2019:17:53:13 +0100] "GET /login.php HTTP/1.1" 200 786
::1 - - [17/Jan/2019:17:53:13 +0100] "GET /style.css HTTP/1.1" 200 1472
::1 - - [17/Jan/2019:17:53:25 +0100] "GET /login.php HTTP/1.1" 200 786
::1 - - [17/Jan/2019:17:53:25 +0100] "GET /style.css HTTP/1.1" 200 1472
::1 - - [17/Jan/2019:17:53:26 +0100] "GET /login.php HTTP/1.1" 200 786
::1 - - [17/Jan/2019:17:53:26 +0100] "GET /style.css HTTP/1.1" 304 -
::1 - - [17/Jan/2019:17:53:34 +0100] "GET /login.php HTTP/1.1" 200 786
::1 - - [17/Jan/2019:17:53:34 +0100] "GET /style.css HTTP/1.1" 200 1472
::1 - - [17/Jan/2019:17:53:45 +0100] "GET /login.php HTTP/1.1" 200 786
::1 - - [17/Jan/2019:17:53:45 +0100] "GET /style.css HTTP/1.1" 200 1472
::1 - - [17/Jan/2019:17:53:55 +0100] "GET /login.php HTTP/1.1" 200 786
::1 - - [17/Jan/2019:17:53:55 +0100] "GET /style.css HTTP/1.1" 200 1472
::1 - - [17/Jan/2019:17:54:27 +0100] "GET /login.php HTTP/1.1" 200 786
::1 - - [17/Jan/2019:17:54:27 +0100] "GET /style.css HTTP/1.1" 200 1472
::1 - - [17/Jan/2019:17:54:32 +0100] "GET /login.php HTTP/1.1" 200 786
::1 - - [17/Jan/2019:17:54:32 +0100] "GET /style.css HTTP/1.1" 200 1472
::1 - - [17/Jan/2019:17:54:46 +0100] "GET /login.php HTTP/1.1" 200 786
::1 - - [17/Jan/2019:17:54:46 +0100] "GET /style.css HTTP/1.1" 304 -
::1 - - [17/Jan/2019:17:54:51 +0100] "GET /login.php HTTP/1.1" 200 786
::1 - - [17/Jan/2019:17:54:51 +0100] "GET /style.css HTTP/1.1" 200 1472
::1 - - [17/Jan/2019:17:55:23 +0100] "GET /login.php HTTP/1.1" 200 786
::1 - - [17/Jan/2019:17:55:23 +0100] "GET /style.css HTTP/1.1" 200 1472
::1 - - [17/Jan/2019:17:55:29 +0100] "GET /login.php HTTP/1.1" 200 786
::1 - - [17/Jan/2019:17:55:29 +0100] "GET /style.css HTTP/1.1" 200 1472
::1 - - [17/Jan/2019:17:55:43 +0100] "GET /login.php HTTP/1.1" 200 786
::1 - - [17/Jan/2019:17:55:43 +0100] "GET /style.css HTTP/1.1" 200 1472
::1 - - [17/Jan/2019:17:56:04 +0100] "GET /login.php HTTP/1.1" 200 786
::1 - - [17/Jan/2019:17:56:04 +0100] "GET /style.css HTTP/1.1" 200 1472
::1 - - [17/Jan/2019:17:56:29 +0100] "GET /login.php HTTP/1.1" 200 790
::1 - - [17/Jan/2019:17:56:29 +0100] "GET /style.css HTTP/1.1" 304 -
::1 - - [17/Jan/2019:17:56:49 +0100] "GET /login.php HTTP/1.1" 200 790
::1 - - [17/Jan/2019:17:56:49 +0100] "GET /style.css HTTP/1.1" 200 1472
::1 - - [17/Jan/2019:17:56:51 +0100] "GET /login.php HTTP/1.1" 200 790
::1 - - [17/Jan/2019:17:56:51 +0100] "GET /style.css HTTP/1.1" 304 -
::1 - - [17/Jan/2019:17:59:20 +0100] "GET /login.php HTTP/1.1" 200 849
::1 - - [17/Jan/2019:17:59:20 +0100] "GET /style.css HTTP/1.1" 304 -
::1 - - [17/Jan/2019:17:59:35 +0100] "GET /login.php HTTP/1.1" 200 849
::1 - - [17/Jan/2019:17:59:35 +0100] "GET /style.css HTTP/1.1" 200 1472
::1 - - [17/Jan/2019:17:59:35 +0100] "GET /logo.jpg HTTP/1.1" 200 96215
::1 - - [17/Jan/2019:17:59:35 +0100] "GET /favicon.ico HTTP/1.1" 404 209
::1 - - [17/Jan/2019:17:59:56 +0100] "GET /login.php HTTP/1.1" 200 790
::1 - - [17/Jan/2019:17:59:56 +0100] "GET /style.css HTTP/1.1" 304 -
::1 - - [17/Jan/2019:17:59:57 +0100] "GET /login.php HTTP/1.1" 200 790
::1 - - [17/Jan/2019:17:59:58 +0100] "GET /style.css HTTP/1.1" 200 1472
::1 - - [17/Jan/2019:17:59:58 +0100] "GET /logo.jpg HTTP/1.1" 200 96215
::1 - - [17/Jan/2019:17:59:58 +0100] "GET /favicon.ico HTTP/1.1" 404 209
::1 - - [17/Jan/2019:18:00:16 +0100] "GET /pass_reset.php HTTP/1.1" 200 930
::1 - - [17/Jan/2019:18:00:31 +0100] "GET /pass_reset.php HTTP/1.1" 200 934
::1 - - [17/Jan/2019:18:00:31 +0100] "GET /style.css HTTP/1.1" 304 -
::1 - - [17/Jan/2019:18:01:35 +0100] "GET /pass_reset.php HTTP/1.1" 200 918
::1 - - [17/Jan/2019:18:01:35 +0100] "GET /style.css HTTP/1.1" 304 -
::1 - - [17/Jan/2019:18:01:36 +0100] "GET /pass_reset.php HTTP/1.1" 200 918
::1 - - [17/Jan/2019:18:01:55 +0100] "GET /pass_reset.php HTTP/1.1" 200 934
::1 - - [17/Jan/2019:18:02:40 +0100] "GET /pass_reset.php HTTP/1.1" 200 943
::1 - - [17/Jan/2019:18:02:40 +0100] "GET /style.css HTTP/1.1" 304 -
::1 - - [17/Jan/2019:18:02:50 +0100] "GET /pass_reset.php HTTP/1.1" 200 943
::1 - - [17/Jan/2019:18:03:33 +0100] "GET /pass_reset.php HTTP/1.1" 200 943
::1 - - [17/Jan/2019:18:03:33 +0100] "GET /style.css HTTP/1.1" 200 1471
::1 - - [17/Jan/2019:18:03:42 +0100] "GET /pass_reset.php HTTP/1.1" 200 943
::1 - - [17/Jan/2019:18:03:42 +0100] "GET /style.css HTTP/1.1" 200 1471
::1 - - [17/Jan/2019:18:03:46 +0100] "GET /pass_reset.php HTTP/1.1" 200 943
::1 - - [17/Jan/2019:18:03:46 +0100] "GET /style.css HTTP/1.1" 200 1472
::1 - - [17/Jan/2019:18:03:55 +0100] "GET /pass_reset.php HTTP/1.1" 200 943
::1 - - [17/Jan/2019:18:03:55 +0100] "GET /style.css HTTP/1.1" 200 1476
::1 - - [17/Jan/2019:18:04:04 +0100] "GET /pass_reset.php HTTP/1.1" 200 943
::1 - - [17/Jan/2019:18:04:04 +0100] "GET /style.css HTTP/1.1" 200 1477
::1 - - [17/Jan/2019:18:04:05 +0100] "GET /pass_reset.php HTTP/1.1" 200 943
::1 - - [17/Jan/2019:18:04:05 +0100] "GET /style.css HTTP/1.1" 304 -
::1 - - [17/Jan/2019:18:04:10 +0100] "GET /pass_reset.php HTTP/1.1" 200 943
::1 - - [17/Jan/2019:18:04:10 +0100] "GET /style.css HTTP/1.1" 200 1474
::1 - - [17/Jan/2019:18:04:11 +0100] "GET /pass_reset.php HTTP/1.1" 200 943
::1 - - [17/Jan/2019:18:04:11 +0100] "GET /style.css HTTP/1.1" 304 -
::1 - - [17/Jan/2019:18:04:19 +0100] "GET /pass_reset.php HTTP/1.1" 200 943
::1 - - [17/Jan/2019:18:04:19 +0100] "GET /style.css HTTP/1.1" 200 1472
::1 - - [17/Jan/2019:18:04:30 +0100] "GET /pass_reset.php HTTP/1.1" 200 943
::1 - - [17/Jan/2019:18:04:30 +0100] "GET /style.css HTTP/1.1" 200 1473
::1 - - [17/Jan/2019:18:04:37 +0100] "GET /pass_reset.php HTTP/1.1" 200 943
::1 - - [17/Jan/2019:18:04:37 +0100] "GET /style.css HTTP/1.1" 200 1476
::1 - - [17/Jan/2019:18:04:38 +0100] "GET /pass_reset.php HTTP/1.1" 200 943
::1 - - [17/Jan/2019:18:04:38 +0100] "GET /style.css HTTP/1.1" 304 -
::1 - - [17/Jan/2019:18:04:41 +0100] "GET /pass_reset.php HTTP/1.1" 200 943
::1 - - [17/Jan/2019:18:04:41 +0100] "GET /style.css HTTP/1.1" 200 1475
::1 - - [17/Jan/2019:18:04:42 +0100] "GET /pass_reset.php HTTP/1.1" 200 943
::1 - - [17/Jan/2019:18:04:42 +0100] "GET /style.css HTTP/1.1" 304 -
::1 - - [17/Jan/2019:18:04:46 +0100] "GET /pass_reset.php HTTP/1.1" 200 943
::1 - - [17/Jan/2019:18:04:46 +0100] "GET /style.css HTTP/1.1" 200 1473
::1 - - [17/Jan/2019:18:04:52 +0100] "GET /pass_reset.php HTTP/1.1" 200 943
::1 - - [17/Jan/2019:18:04:52 +0100] "GET /style.css HTTP/1.1" 200 1473
::1 - - [17/Jan/2019:18:04:53 +0100] "GET /pass_reset.php HTTP/1.1" 200 943
::1 - - [17/Jan/2019:18:04:53 +0100] "GET /style.css HTTP/1.1" 304 -
::1 - - [17/Jan/2019:18:04:53 +0100] "GET /pass_reset.php HTTP/1.1" 200 943
::1 - - [17/Jan/2019:18:04:53 +0100] "GET /style.css HTTP/1.1" 304 -
::1 - - [17/Jan/2019:18:04:55 +0100] "GET /pass_reset.php HTTP/1.1" 200 943
::1 - - [17/Jan/2019:18:04:55 +0100] "GET /style.css HTTP/1.1" 200 1473
::1 - - [17/Jan/2019:18:04:55 +0100] "GET /logo.jpg HTTP/1.1" 200 96215
::1 - - [17/Jan/2019:18:04:56 +0100] "GET /favicon.ico HTTP/1.1" 404 209
::1 - - [17/Jan/2019:18:04:59 +0100] "GET /pass_reset.php HTTP/1.1" 200 943
::1 - - [17/Jan/2019:18:04:59 +0100] "GET /style.css HTTP/1.1" 304 -
::1 - - [17/Jan/2019:18:04:59 +0100] "GET /pass_reset.php HTTP/1.1" 200 943
::1 - - [17/Jan/2019:18:04:59 +0100] "GET /style.css HTTP/1.1" 304 -
::1 - - [17/Jan/2019:18:05:00 +0100] "GET /pass_reset.php HTTP/1.1" 200 943
::1 - - [17/Jan/2019:18:05:00 +0100] "GET /style.css HTTP/1.1" 304 -
::1 - - [17/Jan/2019:18:05:01 +0100] "GET /pass_reset.php HTTP/1.1" 200 943
::1 - - [17/Jan/2019:18:05:01 +0100] "GET /style.css HTTP/1.1" 304 -
::1 - - [17/Jan/2019:18:05:01 +0100] "GET /pass_reset.php HTTP/1.1" 200 943
::1 - - [17/Jan/2019:18:05:02 +0100] "GET /pass_reset.php HTTP/1.1" 200 943
::1 - - [17/Jan/2019:18:05:02 +0100] "GET /style.css HTTP/1.1" 304 -
::1 - - [17/Jan/2019:18:05:12 +0100] "GET /pass_reset.php HTTP/1.1" 200 943
::1 - - [17/Jan/2019:18:05:12 +0100] "GET /style.css HTTP/1.1" 200 1473
::1 - - [17/Jan/2019:18:05:12 +0100] "GET /logo.jpg HTTP/1.1" 200 96215
::1 - - [17/Jan/2019:18:05:12 +0100] "GET /favicon.ico HTTP/1.1" 404 209
::1 - - [17/Jan/2019:18:05:12 +0100] "GET /pass_reset.php HTTP/1.1" 200 943
::1 - - [17/Jan/2019:18:05:12 +0100] "GET /style.css HTTP/1.1" 200 1473
::1 - - [17/Jan/2019:18:05:12 +0100] "GET /logo.jpg HTTP/1.1" 200 96215
::1 - - [17/Jan/2019:18:05:12 +0100] "GET /favicon.ico HTTP/1.1" 404 209
::1 - - [17/Jan/2019:18:05:13 +0100] "GET /pass_reset.php HTTP/1.1" 200 943
::1 - - [17/Jan/2019:18:05:13 +0100] "GET /style.css HTTP/1.1" 200 1473
::1 - - [17/Jan/2019:18:05:13 +0100] "GET /logo.jpg HTTP/1.1" 200 96215
::1 - - [17/Jan/2019:18:05:13 +0100] "GET /favicon.ico HTTP/1.1" 404 209
::1 - - [17/Jan/2019:18:05:13 +0100] "GET /pass_reset.php HTTP/1.1" 200 943
::1 - - [17/Jan/2019:18:05:13 +0100] "GET /style.css HTTP/1.1" 200 1473
::1 - - [17/Jan/2019:18:05:13 +0100] "GET /logo.jpg HTTP/1.1" 200 96215
::1 - - [17/Jan/2019:18:05:13 +0100] "GET /favicon.ico HTTP/1.1" 404 209
::1 - - [17/Jan/2019:18:05:18 +0100] "GET / HTTP/1.1" 302 164
::1 - - [17/Jan/2019:18:05:18 +0100] "GET /login.php HTTP/1.1" 200 790
::1 - - [17/Jan/2019:18:05:18 +0100] "GET /style.css HTTP/1.1" 304 -
::1 - - [17/Jan/2019:18:05:28 +0100] "GET /login.php HTTP/1.1" 200 790
::1 - - [17/Jan/2019:18:05:28 +0100] "GET /style.css HTTP/1.1" 304 -
::1 - - [17/Jan/2019:18:05:29 +0100] "GET /login.php HTTP/1.1" 200 790
::1 - - [17/Jan/2019:18:05:40 +0100] "GET /login.php HTTP/1.1" 200 790
::1 - - [17/Jan/2019:18:05:40 +0100] "GET /style.css HTTP/1.1" 200 1472
::1 - - [17/Jan/2019:18:05:49 +0100] "GET /login.php HTTP/1.1" 200 790
::1 - - [17/Jan/2019:18:05:49 +0100] "GET /style.css HTTP/1.1" 200 1475
::1 - - [17/Jan/2019:18:05:54 +0100] "GET /login.php HTTP/1.1" 200 790
::1 - - [17/Jan/2019:18:05:54 +0100] "GET /style.css HTTP/1.1" 200 1473
::1 - - [17/Jan/2019:18:05:57 +0100] "GET /login.php HTTP/1.1" 200 790
::1 - - [17/Jan/2019:18:05:57 +0100] "GET /style.css HTTP/1.1" 200 1472
::1 - - [17/Jan/2019:18:06:07 +0100] "GET /login.php HTTP/1.1" 200 790
::1 - - [17/Jan/2019:18:06:07 +0100] "GET /style.css HTTP/1.1" 200 1476
::1 - - [17/Jan/2019:18:06:13 +0100] "GET /login.php HTTP/1.1" 200 790
::1 - - [17/Jan/2019:18:06:13 +0100] "GET /style.css HTTP/1.1" 200 1476
::1 - - [17/Jan/2019:18:06:18 +0100] "GET /login.php HTTP/1.1" 200 790
::1 - - [17/Jan/2019:18:06:18 +0100] "GET /style.css HTTP/1.1" 200 1472
::1 - - [17/Jan/2019:18:06:29 +0100] "GET /login.php HTTP/1.1" 200 790
::1 - - [17/Jan/2019:18:06:29 +0100] "GET /style.css HTTP/1.1" 200 1474
::1 - - [17/Jan/2019:18:06:33 +0100] "GET /login.php HTTP/1.1" 200 790
::1 - - [17/Jan/2019:18:06:33 +0100] "GET /style.css HTTP/1.1" 200 1473
::1 - - [17/Jan/2019:18:06:38 +0100] "GET /login.php HTTP/1.1" 200 790
::1 - - [17/Jan/2019:18:06:38 +0100] "GET /style.css HTTP/1.1" 200 1472
::1 - - [17/Jan/2019:18:07:27 +0100] "GET / HTTP/1.1" 302 164
::1 - - [17/Jan/2019:18:07:27 +0100] "GET /login.php HTTP/1.1" 200 790
::1 - - [17/Jan/2019:18:07:27 +0100] "GET /style.css HTTP/1.1" 304 -
::1 - - [17/Jan/2019:18:08:01 +0100] "POST /process.php HTTP/1.1" 200 73
::1 - - [17/Jan/2019:18:08:07 +0100] "GET /login.php HTTP/1.1" 200 790
::1 - - [17/Jan/2019:18:08:07 +0100] "GET /style.css HTTP/1.1" 304 -
::1 - - [17/Jan/2019:18:08:14 +0100] "GET /pass_reset.php HTTP/1.1" 200 943
::1 - - [17/Jan/2019:18:09:49 +0100] "GET /pass_reset.php HTTP/1.1" 200 1004
::1 - - [17/Jan/2019:18:09:49 +0100] "GET /style.css HTTP/1.1" 304 -
::1 - - [17/Jan/2019:18:09:50 +0100] "GET /pass_reset.php HTTP/1.1" 200 1004
::1 - - [17/Jan/2019:18:10:26 +0100] "GET /pass_reset.php HTTP/1.1" 200 1028
::1 - - [17/Jan/2019:18:10:26 +0100] "GET /style.css HTTP/1.1" 304 -
::1 - - [17/Jan/2019:18:10:27 +0100] "GET /pass_reset.php HTTP/1.1" 200 1028
::1 - - [17/Jan/2019:18:10:27 +0100] "GET /pass_reset.php HTTP/1.1" 200 1028
::1 - - [17/Jan/2019:18:10:27 +0100] "GET /pass_reset.php HTTP/1.1" 200 1028
::1 - - [17/Jan/2019:18:10:28 +0100] "GET /pass_reset.php HTTP/1.1" 200 1028
::1 - - [17/Jan/2019:18:11:45 +0100] "GET /pass_reset.php HTTP/1.1" 200 1008
::1 - - [17/Jan/2019:18:11:45 +0100] "GET /style.css HTTP/1.1" 304 -
::1 - - [17/Jan/2019:18:11:46 +0100] "GET /pass_reset.php HTTP/1.1" 200 1008
::1 - - [17/Jan/2019:18:11:49 +0100] "GET /login.php HTTP/1.1" 200 790
::1 - - [17/Jan/2019:18:12:17 +0100] "GET /pass_reset.php HTTP/1.1" 200 1032
::1 - - [17/Jan/2019:18:12:17 +0100] "GET /style.css HTTP/1.1" 304 -
::1 - - [17/Jan/2019:18:12:18 +0100] "GET /pass_reset.php HTTP/1.1" 200 1032
::1 - - [17/Jan/2019:18:12:20 +0100] "GET /pass_reset.php HTTP/1.1" 200 1032
::1 - - [17/Jan/2019:18:12:22 +0100] "GET /login.php HTTP/1.1" 200 790
::1 - - [17/Jan/2019:18:12:40 +0100] "GET /pass_reset.php HTTP/1.1" 200 1022
::1 - - [17/Jan/2019:18:12:41 +0100] "GET /pass_reset.php HTTP/1.1" 200 1022
::1 - - [17/Jan/2019:18:13:28 +0100] "GET /pass_reset.php HTTP/1.1" 200 1022
::1 - - [17/Jan/2019:18:13:28 +0100] "GET /style.css HTTP/1.1" 200 1659
::1 - - [17/Jan/2019:18:13:53 +0100] "GET /login.php HTTP/1.1" 200 790
::1 - - [17/Jan/2019:18:13:53 +0100] "GET /style.css HTTP/1.1" 304 -
::1 - - [17/Jan/2019:18:14:30 +0100] "GET /pass_reset.php HTTP/1.1" 200 1037
::1 - - [17/Jan/2019:18:14:30 +0100] "GET /style.css HTTP/1.1" 304 -
::1 - - [17/Jan/2019:18:18:18 +0100] "GET /pass_reset.php HTTP/1.1" 200 1029
::1 - - [17/Jan/2019:18:18:18 +0100] "GET /style.css HTTP/1.1" 304 -
::1 - - [17/Jan/2019:18:18:18 +0100] "GET /back_btn.png HTTP/1.1" 200 1314
::1 - - [17/Jan/2019:18:18:35 +0100] "GET /login.php HTTP/1.1" 200 790
::1 - - [17/Jan/2019:18:18:48 +0100] "GET /pass_reset.php HTTP/1.1" 200 1037
::1 - - [17/Jan/2019:18:18:48 +0100] "GET /style.css HTTP/1.1" 304 -
::1 - - [17/Jan/2019:18:18:48 +0100] "GET /back_btn.png HTTP/1.1" 304 -
::1 - - [17/Jan/2019:18:18:49 +0100] "GET /pass_reset.php HTTP/1.1" 200 1037
::1 - - [17/Jan/2019:18:19:15 +0100] "GET /pass_reset.php HTTP/1.1" 200 1055
::1 - - [17/Jan/2019:18:19:15 +0100] "GET /back_btn.png HTTP/1.1" 304 -
::1 - - [17/Jan/2019:18:19:27 +0100] "GET /pass_reset.php HTTP/1.1" 200 1055
::1 - - [17/Jan/2019:18:19:27 +0100] "GET /style.css HTTP/1.1" 304 -
::1 - - [17/Jan/2019:18:19:33 +0100] "GET /pass_reset.php HTTP/1.1" 200 1055
::1 - - [17/Jan/2019:18:19:33 +0100] "GET /back_btn.png HTTP/1.1" 304 -
::1 - - [17/Jan/2019:18:19:41 +0100] "GET /pass_reset.php HTTP/1.1" 200 1055
::1 - - [17/Jan/2019:18:19:47 +0100] "GET /pass_reset.php HTTP/1.1" 200 1055
::1 - - [17/Jan/2019:18:20:31 +0100] "GET /pass_reset.php HTTP/1.1" 200 1037
::1 - - [17/Jan/2019:18:20:31 +0100] "GET /style.css HTTP/1.1" 304 -
::1 - - [17/Jan/2019:18:20:46 +0100] "GET /pass_reset.php HTTP/1.1" 200 1046
::1 - - [17/Jan/2019:18:20:52 +0100] "GET /pass_reset.php HTTP/1.1" 200 1050
::1 - - [17/Jan/2019:18:21:07 +0100] "GET /pass_reset.php HTTP/1.1" 200 1046
::1 - - [17/Jan/2019:18:21:14 +0100] "GET /pass_reset.php HTTP/1.1" 200 1038
::1 - - [17/Jan/2019:18:21:14 +0100] "GET /style.css HTTP/1.1" 304 -
::1 - - [17/Jan/2019:18:22:30 +0100] "GET /pass_reset.php HTTP/1.1" 200 1038
::1 - - [17/Jan/2019:18:22:30 +0100] "GET /style.css HTTP/1.1" 200 1709
::1 - - [17/Jan/2019:18:22:39 +0100] "GET /login.php HTTP/1.1" 200 790
::1 - - [17/Jan/2019:18:22:39 +0100] "GET /style.css HTTP/1.1" 304 -
::1 - - [17/Jan/2019:18:22:41 +0100] "POST /process.php HTTP/1.1" 200 73
::1 - - [17/Jan/2019:18:22:45 +0100] "GET /pass_reset.php HTTP/1.1" 200 1038
::1 - - [17/Jan/2019:18:22:45 +0100] "GET /style.css HTTP/1.1" 304 -
::1 - - [17/Jan/2019:18:22:48 +0100] "GET /login.php HTTP/1.1" 200 790
::1 - - [17/Jan/2019:18:22:48 +0100] "GET /style.css HTTP/1.1" 304 -
::1 - - [17/Jan/2019:18:22:54 +0100] "POST /process.php HTTP/1.1" 302 2
::1 - - [17/Jan/2019:18:22:54 +0100] "GET /index.php HTTP/1.1" 200 1414
::1 - - [17/Jan/2019:18:22:54 +0100] "GET /style.css HTTP/1.1" 304 -
::1 - - [17/Jan/2019:18:22:54 +0100] "GET /logout_btn.png HTTP/1.1" 304 -
::1 - - [17/Jan/2019:18:24:37 +0100] "GET /index.php HTTP/1.1" 200 1414
::1 - - [17/Jan/2019:18:24:37 +0100] "GET /style.css HTTP/1.1" 304 -
::1 - - [17/Jan/2019:18:24:43 +0100] "GET /login.php HTTP/1.1" 200 182
::1 - - [17/Jan/2019:18:25:01 +0100] "GET /login.php HTTP/1.1" 200 182
::1 - - [17/Jan/2019:18:26:03 +0100] "GET /login.php HTTP/1.1" 200 167
::1 - - [17/Jan/2019:18:26:04 +0100] "GET /login.php HTTP/1.1" 200 167
::1 - - [17/Jan/2019:18:26:17 +0100] "GET /login.php HTTP/1.1" 302 790
::1 - - [17/Jan/2019:18:26:17 +0100] "GET /index.php HTTP/1.1" 200 1414
::1 - - [17/Jan/2019:18:26:17 +0100] "GET /style.css HTTP/1.1" 304 -
::1 - - [17/Jan/2019:18:26:19 +0100] "GET /index.php HTTP/1.1" 200 1414
::1 - - [17/Jan/2019:18:26:23 +0100] "GET /login.php HTTP/1.1" 302 790
::1 - - [17/Jan/2019:18:26:23 +0100] "GET /index.php HTTP/1.1" 200 1414
::1 - - [17/Jan/2019:18:26:42 +0100] "GET /index.php HTTP/1.1" 200 1414
::1 - - [17/Jan/2019:18:26:42 +0100] "GET /style.css HTTP/1.1" 304 -
::1 - - [17/Jan/2019:18:26:43 +0100] "GET /index.php HTTP/1.1" 200 1414
::1 - - [17/Jan/2019:18:26:47 +0100] "GET /login.php HTTP/1.1" 302 790
::1 - - [17/Jan/2019:18:26:47 +0100] "GET /index.php HTTP/1.1" 200 1414
::1 - - [17/Jan/2019:18:26:50 +0100] "GET /logout.php HTTP/1.1" 302 -
::1 - - [17/Jan/2019:18:26:50 +0100] "GET /index.php HTTP/1.1" 302 164
::1 - - [17/Jan/2019:18:26:50 +0100] "GET /login.php HTTP/1.1" 302 790
::1 - - [17/Jan/2019:18:26:50 +0100] "GET /index.php HTTP/1.1" 302 164
::1 - - [17/Jan/2019:18:26:50 +0100] "GET /login.php HTTP/1.1" 302 790
::1 - - [17/Jan/2019:18:26:50 +0100] "GET /index.php HTTP/1.1" 302 164
::1 - - [17/Jan/2019:18:26:50 +0100] "GET /login.php HTTP/1.1" 302 790
::1 - - [17/Jan/2019:18:26:50 +0100] "GET /index.php HTTP/1.1" 302 164
::1 - - [17/Jan/2019:18:26:50 +0100] "GET /login.php HTTP/1.1" 302 790
::1 - - [17/Jan/2019:18:26:50 +0100] "GET /index.php HTTP/1.1" 302 164
::1 - - [17/Jan/2019:18:26:50 +0100] "GET /login.php HTTP/1.1" 302 790
::1 - - [17/Jan/2019:18:26:50 +0100] "GET /index.php HTTP/1.1" 302 164
::1 - - [17/Jan/2019:18:26:50 +0100] "GET /login.php HTTP/1.1" 302 790
::1 - - [17/Jan/2019:18:26:50 +0100] "GET /index.php HTTP/1.1" 302 164
::1 - - [17/Jan/2019:18:26:50 +0100] "GET /login.php HTTP/1.1" 302 790
::1 - - [17/Jan/2019:18:26:50 +0100] "GET /index.php HTTP/1.1" 302 164
::1 - - [17/Jan/2019:18:26:50 +0100] "GET /login.php HTTP/1.1" 302 790
::1 - - [17/Jan/2019:18:26:50 +0100] "GET /index.php HTTP/1.1" 302 164
::1 - - [17/Jan/2019:18:26:50 +0100] "GET /login.php HTTP/1.1" 302 790
::1 - - [17/Jan/2019:18:26:50 +0100] "GET /index.php HTTP/1.1" 302 164
::1 - - [17/Jan/2019:18:26:50 +0100] "GET /index.php HTTP/1.1" 302 164
::1 - - [17/Jan/2019:18:26:50 +0100] "GET /login.php HTTP/1.1" 302 790
::1 - - [17/Jan/2019:18:26:50 +0100] "GET /index.php HTTP/1.1" 302 164
::1 - - [17/Jan/2019:18:26:50 +0100] "GET /login.php HTTP/1.1" 302 790
::1 - - [17/Jan/2019:18:26:50 +0100] "GET /index.php HTTP/1.1" 302 164
::1 - - [17/Jan/2019:18:26:50 +0100] "GET /login.php HTTP/1.1" 302 790
::1 - - [17/Jan/2019:18:26:50 +0100] "GET /index.php HTTP/1.1" 302 164
::1 - - [17/Jan/2019:18:26:50 +0100] "GET /login.php HTTP/1.1" 302 790
::1 - - [17/Jan/2019:18:26:50 +0100] "GET /index.php HTTP/1.1" 302 164
::1 - - [17/Jan/2019:18:26:50 +0100] "GET /login.php HTTP/1.1" 302 790
::1 - - [17/Jan/2019:18:26:50 +0100] "GET /index.php HTTP/1.1" 302 164
::1 - - [17/Jan/2019:18:26:50 +0100] "GET /login.php HTTP/1.1" 302 790
::1 - - [17/Jan/2019:18:26:50 +0100] "GET /index.php HTTP/1.1" 302 164
::1 - - [17/Jan/2019:18:26:50 +0100] "GET /login.php HTTP/1.1" 302 790
::1 - - [17/Jan/2019:18:26:50 +0100] "GET /index.php HTTP/1.1" 302 164
::1 - - [17/Jan/2019:18:26:50 +0100] "GET /login.php HTTP/1.1" 302 790
::1 - - [17/Jan/2019:18:26:50 +0100] "GET /index.php HTTP/1.1" 302 164
::1 - - [17/Jan/2019:18:26:50 +0100] "GET /login.php HTTP/1.1" 302 790
::1 - - [17/Jan/2019:18:26:50 +0100] "GET /index.php HTTP/1.1" 302 164
::1 - - [17/Jan/2019:18:26:50 +0100] "GET /login.php HTTP/1.1" 302 790
::1 - - [17/Jan/2019:18:26:55 +0100] "GET /index.php HTTP/1.1" 302 164
::1 - - [17/Jan/2019:18:26:55 +0100] "GET /login.php HTTP/1.1" 302 790
::1 - - [17/Jan/2019:18:26:55 +0100] "GET /index.php HTTP/1.1" 302 164
::1 - - [17/Jan/2019:18:26:55 +0100] "GET /login.php HTTP/1.1" 302 790
::1 - - [17/Jan/2019:18:26:55 +0100] "GET /index.php HTTP/1.1" 302 164
::1 - - [17/Jan/2019:18:26:55 +0100] "GET /login.php HTTP/1.1" 302 790
::1 - - [17/Jan/2019:18:26:55 +0100] "GET /index.php HTTP/1.1" 302 164
::1 - - [17/Jan/2019:18:26:55 +0100] "GET /login.php HTTP/1.1" 302 790
::1 - - [17/Jan/2019:18:26:55 +0100] "GET /index.php HTTP/1.1" 302 164
::1 - - [17/Jan/2019:18:26:55 +0100] "GET /login.php HTTP/1.1" 302 790
::1 - - [17/Jan/2019:18:26:55 +0100] "GET /index.php HTTP/1.1" 302 164
::1 - - [17/Jan/2019:18:26:55 +0100] "GET /login.php HTTP/1.1" 302 790
::1 - - [17/Jan/2019:18:26:55 +0100] "GET /index.php HTTP/1.1" 302 164
::1 - - [17/Jan/2019:18:26:55 +0100] "GET /login.php HTTP/1.1" 302 790
::1 - - [17/Jan/2019:18:26:55 +0100] "GET /index.php HTTP/1.1" 302 164
::1 - - [17/Jan/2019:18:26:55 +0100] "GET /login.php HTTP/1.1" 302 790
::1 - - [17/Jan/2019:18:26:55 +0100] "GET /index.php HTTP/1.1" 302 164
::1 - - [17/Jan/2019:18:26:55 +0100] "GET /login.php HTTP/1.1" 302 790
::1 - - [17/Jan/2019:18:26:55 +0100] "GET /index.php HTTP/1.1" 302 164
::1 - - [17/Jan/2019:18:26:55 +0100] "GET /login.php HTTP/1.1" 302 790
::1 - - [17/Jan/2019:18:26:56 +0100] "GET /login.php HTTP/1.1" 302 790
::1 - - [17/Jan/2019:18:26:56 +0100] "GET /index.php HTTP/1.1" 302 164
::1 - - [17/Jan/2019:18:26:56 +0100] "GET /login.php HTTP/1.1" 302 790
::1 - - [17/Jan/2019:18:26:56 +0100] "GET /index.php HTTP/1.1" 302 164
::1 - - [17/Jan/2019:18:26:56 +0100] "GET /login.php HTTP/1.1" 302 790
::1 - - [17/Jan/2019:18:26:56 +0100] "GET /index.php HTTP/1.1" 302 164
::1 - - [17/Jan/2019:18:26:56 +0100] "GET /login.php HTTP/1.1" 302 790
::1 - - [17/Jan/2019:18:26:56 +0100] "GET /index.php HTTP/1.1" 302 164
::1 - - [17/Jan/2019:18:26:56 +0100] "GET /login.php HTTP/1.1" 302 790
::1 - - [17/Jan/2019:18:26:56 +0100] "GET /index.php HTTP/1.1" 302 164
::1 - - [17/Jan/2019:18:26:56 +0100] "GET /login.php HTTP/1.1" 302 790
::1 - - [17/Jan/2019:18:26:56 +0100] "GET /index.php HTTP/1.1" 302 164
::1 - - [17/Jan/2019:18:26:56 +0100] "GET /login.php HTTP/1.1" 302 790
::1 - - [17/Jan/2019:18:26:56 +0100] "GET /index.php HTTP/1.1" 302 164
::1 - - [17/Jan/2019:18:26:56 +0100] "GET /login.php HTTP/1.1" 302 790
::1 - - [17/Jan/2019:18:26:56 +0100] "GET /index.php HTTP/1.1" 302 164
::1 - - [17/Jan/2019:18:26:56 +0100] "GET /login.php HTTP/1.1" 302 790
::1 - - [17/Jan/2019:18:26:56 +0100] "GET /index.php HTTP/1.1" 302 164
::1 - - [17/Jan/2019:18:26:56 +0100] "GET /login.php HTTP/1.1" 302 790
::1 - - [17/Jan/2019:18:26:56 +0100] "GET /index.php HTTP/1.1" 302 164
::1 - - [17/Jan/2019:18:26:57 +0100] "GET /index.php HTTP/1.1" 302 164
::1 - - [17/Jan/2019:18:26:57 +0100] "GET /login.php HTTP/1.1" 302 790
::1 - - [17/Jan/2019:18:26:57 +0100] "GET /index.php HTTP/1.1" 302 164
::1 - - [17/Jan/2019:18:26:57 +0100] "GET /login.php HTTP/1.1" 302 790
::1 - - [17/Jan/2019:18:26:57 +0100] "GET /index.php HTTP/1.1" 302 164
::1 - - [17/Jan/2019:18:26:57 +0100] "GET /login.php HTTP/1.1" 302 790
::1 - - [17/Jan/2019:18:26:57 +0100] "GET /index.php HTTP/1.1" 302 164
::1 - - [17/Jan/2019:18:26:57 +0100] "GET /login.php HTTP/1.1" 302 790
::1 - - [17/Jan/2019:18:26:57 +0100] "GET /index.php HTTP/1.1" 302 164
::1 - - [17/Jan/2019:18:26:57 +0100] "GET /login.php HTTP/1.1" 302 790
::1 - - [17/Jan/2019:18:26:57 +0100] "GET /index.php HTTP/1.1" 302 164
::1 - - [17/Jan/2019:18:26:57 +0100] "GET /login.php HTTP/1.1" 302 790
::1 - - [17/Jan/2019:18:26:57 +0100] "GET /index.php HTTP/1.1" 302 164
::1 - - [17/Jan/2019:18:26:57 +0100] "GET /login.php HTTP/1.1" 302 790
::1 - - [17/Jan/2019:18:26:57 +0100] "GET /index.php HTTP/1.1" 302 164
::1 - - [17/Jan/2019:18:26:57 +0100] "GET /login.php HTTP/1.1" 302 790
::1 - - [17/Jan/2019:18:26:57 +0100] "GET /index.php HTTP/1.1" 302 164
::1 - - [17/Jan/2019:18:26:57 +0100] "GET /login.php HTTP/1.1" 302 790
::1 - - [17/Jan/2019:18:26:57 +0100] "GET /index.php HTTP/1.1" 302 164
::1 - - [17/Jan/2019:18:26:57 +0100] "GET /login.php HTTP/1.1" 302 790
::1 - - [17/Jan/2019:18:27:00 +0100] "GET /login.php HTTP/1.1" 302 790
::1 - - [17/Jan/2019:18:27:00 +0100] "GET /index.php HTTP/1.1" 302 164
::1 - - [17/Jan/2019:18:27:00 +0100] "GET /login.php HTTP/1.1" 302 790
::1 - - [17/Jan/2019:18:27:00 +0100] "GET /index.php HTTP/1.1" 302 164
::1 - - [17/Jan/2019:18:27:00 +0100] "GET /login.php HTTP/1.1" 302 790
::1 - - [17/Jan/2019:18:27:00 +0100] "GET /index.php HTTP/1.1" 302 164
::1 - - [17/Jan/2019:18:27:00 +0100] "GET /login.php HTTP/1.1" 302 790
::1 - - [17/Jan/2019:18:27:00 +0100] "GET /index.php HTTP/1.1" 302 164
::1 - - [17/Jan/2019:18:27:00 +0100] "GET /login.php HTTP/1.1" 302 790
::1 - - [17/Jan/2019:18:27:00 +0100] "GET /index.php HTTP/1.1" 302 164
::1 - - [17/Jan/2019:18:27:00 +0100] "GET /login.php HTTP/1.1" 302 790
::1 - - [17/Jan/2019:18:27:00 +0100] "GET /index.php HTTP/1.1" 302 164
::1 - - [17/Jan/2019:18:27:00 +0100] "GET /login.php HTTP/1.1" 302 790
::1 - - [17/Jan/2019:18:27:00 +0100] "GET /index.php HTTP/1.1" 302 164
::1 - - [17/Jan/2019:18:27:00 +0100] "GET /login.php HTTP/1.1" 302 790
::1 - - [17/Jan/2019:18:27:00 +0100] "GET /index.php HTTP/1.1" 302 164
::1 - - [17/Jan/2019:18:27:00 +0100] "GET /login.php HTTP/1.1" 302 790
::1 - - [17/Jan/2019:18:27:00 +0100] "GET /index.php HTTP/1.1" 302 164
::1 - - [17/Jan/2019:18:27:00 +0100] "GET /login.php HTTP/1.1" 302 790
::1 - - [17/Jan/2019:18:27:00 +0100] "GET /index.php HTTP/1.1" 302 164
::1 - - [17/Jan/2019:18:27:02 +0100] "GET /index.php HTTP/1.1" 302 164
::1 - - [17/Jan/2019:18:27:02 +0100] "GET /login.php HTTP/1.1" 302 790
::1 - - [17/Jan/2019:18:27:02 +0100] "GET /index.php HTTP/1.1" 302 164
::1 - - [17/Jan/2019:18:27:02 +0100] "GET /login.php HTTP/1.1" 302 790
::1 - - [17/Jan/2019:18:27:02 +0100] "GET /index.php HTTP/1.1" 302 164
::1 - - [17/Jan/2019:18:27:02 +0100] "GET /login.php HTTP/1.1" 302 790
::1 - - [17/Jan/2019:18:27:02 +0100] "GET /index.php HTTP/1.1" 302 164
::1 - - [17/Jan/2019:18:27:02 +0100] "GET /login.php HTTP/1.1" 302 790
::1 - - [17/Jan/2019:18:27:02 +0100] "GET /index.php HTTP/1.1" 302 164
::1 - - [17/Jan/2019:18:27:02 +0100] "GET /login.php HTTP/1.1" 302 790
::1 - - [17/Jan/2019:18:27:02 +0100] "GET /index.php HTTP/1.1" 302 164
::1 - - [17/Jan/2019:18:27:02 +0100] "GET /login.php HTTP/1.1" 302 790
::1 - - [17/Jan/2019:18:27:02 +0100] "GET /index.php HTTP/1.1" 302 164
::1 - - [17/Jan/2019:18:27:02 +0100] "GET /login.php HTTP/1.1" 302 790
::1 - - [17/Jan/2019:18:27:02 +0100] "GET /index.php HTTP/1.1" 302 164
::1 - - [17/Jan/2019:18:27:02 +0100] "GET /login.php HTTP/1.1" 302 790
::1 - - [17/Jan/2019:18:27:02 +0100] "GET /index.php HTTP/1.1" 302 164
::1 - - [17/Jan/2019:18:27:02 +0100] "GET /login.php HTTP/1.1" 302 790
::1 - - [17/Jan/2019:18:27:02 +0100] "GET /index.php HTTP/1.1" 302 164
::1 - - [17/Jan/2019:18:27:02 +0100] "GET /login.php HTTP/1.1" 302 790
::1 - - [17/Jan/2019:18:27:03 +0100] "GET /login.php HTTP/1.1" 302 790
::1 - - [17/Jan/2019:18:27:03 +0100] "GET /index.php HTTP/1.1" 302 164
::1 - - [17/Jan/2019:18:27:03 +0100] "GET /login.php HTTP/1.1" 302 790
::1 - - [17/Jan/2019:18:27:03 +0100] "GET /index.php HTTP/1.1" 302 164
::1 - - [17/Jan/2019:18:27:03 +0100] "GET /login.php HTTP/1.1" 302 790
::1 - - [17/Jan/2019:18:27:03 +0100] "GET /index.php HTTP/1.1" 302 164
::1 - - [17/Jan/2019:18:27:03 +0100] "GET /login.php HTTP/1.1" 302 790
::1 - - [17/Jan/2019:18:27:03 +0100] "GET /index.php HTTP/1.1" 302 164
::1 - - [17/Jan/2019:18:27:03 +0100] "GET /login.php HTTP/1.1" 302 790
::1 - - [17/Jan/2019:18:27:03 +0100] "GET /index.php HTTP/1.1" 302 164
::1 - - [17/Jan/2019:18:27:03 +0100] "GET /login.php HTTP/1.1" 302 790
::1 - - [17/Jan/2019:18:27:03 +0100] "GET /index.php HTTP/1.1" 302 164
::1 - - [17/Jan/2019:18:27:03 +0100] "GET /login.php HTTP/1.1" 302 790
::1 - - [17/Jan/2019:18:27:03 +0100] "GET /index.php HTTP/1.1" 302 164
::1 - - [17/Jan/2019:18:27:03 +0100] "GET /login.php HTTP/1.1" 302 790
::1 - - [17/Jan/2019:18:27:03 +0100] "GET /index.php HTTP/1.1" 302 164
::1 - - [17/Jan/2019:18:27:03 +0100] "GET /login.php HTTP/1.1" 302 790
::1 - - [17/Jan/2019:18:27:03 +0100] "GET /index.php HTTP/1.1" 302 164
::1 - - [17/Jan/2019:18:27:03 +0100] "GET /login.php HTTP/1.1" 302 790
::1 - - [17/Jan/2019:18:27:03 +0100] "GET /index.php HTTP/1.1" 302 164
::1 - - [17/Jan/2019:18:27:22 +0100] "GET /login.php HTTP/1.1" 200 792
::1 - - [17/Jan/2019:18:27:22 +0100] "GET /style.css HTTP/1.1" 304 -
::1 - - [17/Jan/2019:18:27:22 +0100] "GET /favicon.ico HTTP/1.1" 404 209
::1 - - [17/Jan/2019:18:27:24 +0100] "POST /process.php HTTP/1.1" 200 73
::1 - - [17/Jan/2019:18:27:29 +0100] "GET /login.php HTTP/1.1" 200 792
::1 - - [17/Jan/2019:18:27:43 +0100] "POST /process.php HTTP/1.1" 302 2
::1 - - [17/Jan/2019:18:27:43 +0100] "GET /index.php HTTP/1.1" 200 1414
::1 - - [17/Jan/2019:18:27:48 +0100] "GET /login.php HTTP/1.1" 200 792
::1 - - [17/Jan/2019:18:28:43 +0100] "GET /login.php HTTP/1.1" 200 983
::1 - - [17/Jan/2019:18:28:43 +0100] "GET /style.css HTTP/1.1" 304 -
::1 - - [17/Jan/2019:18:29:12 +0100] "GET /login.php HTTP/1.1" 200 794
::1 - - [17/Jan/2019:18:29:19 +0100] "GET /index.php HTTP/1.1" 302 164
::1 - - [17/Jan/2019:18:29:19 +0100] "GET /login.php HTTP/1.1" 200 794
::1 - - [17/Jan/2019:18:29:25 +0100] "POST /process.php HTTP/1.1" 302 2
::1 - - [17/Jan/2019:18:29:25 +0100] "GET /index.php HTTP/1.1" 200 1414
::1 - - [17/Jan/2019:18:29:25 +0100] "GET /style.css HTTP/1.1" 304 -
::1 - - [17/Jan/2019:18:29:30 +0100] "GET /login.php HTTP/1.1" 200 794
::1 - - [17/Jan/2019:18:29:34 +0100] "GET /index.php HTTP/1.1" 302 164
::1 - - [17/Jan/2019:18:29:34 +0100] "GET /login.php HTTP/1.1" 200 794
::1 - - [17/Jan/2019:18:29:59 +0100] "GET /index.php HTTP/1.1" 302 164
::1 - - [17/Jan/2019:18:29:59 +0100] "GET /login.php HTTP/1.1" 200 794
::1 - - [17/Jan/2019:18:30:05 +0100] "GET /pass_reset.php HTTP/1.1" 200 1038
::1 - - [17/Jan/2019:18:30:11 +0100] "GET /login.php HTTP/1.1" 200 794
::1 - - [17/Jan/2019:18:30:11 +0100] "GET /style.css HTTP/1.1" 304 -
::1 - - [17/Jan/2019:18:30:12 +0100] "POST /process.php HTTP/1.1" 200 73
::1 - - [17/Jan/2019:18:30:18 +0100] "GET /login.php HTTP/1.1" 200 794
::1 - - [17/Jan/2019:18:30:23 +0100] "POST /process.php HTTP/1.1" 302 2
::1 - - [17/Jan/2019:18:30:23 +0100] "GET /index.php HTTP/1.1" 200 1414
::1 - - [17/Jan/2019:18:32:16 +0100] "GET /logout.php HTTP/1.1" 302 -
::1 - - [17/Jan/2019:18:32:16 +0100] "GET /index.php HTTP/1.1" 302 164
::1 - - [17/Jan/2019:18:32:16 +0100] "GET /login.php HTTP/1.1" 200 792
::1 - - [17/Jan/2019:18:32:16 +0100] "GET /style.css HTTP/1.1" 304 -
::1 - - [17/Jan/2019:18:32:20 +0100] "GET /pass_reset.php HTTP/1.1" 200 1038
::1 - - [17/Jan/2019:18:32:25 +0100] "GET /login.php HTTP/1.1" 200 792
::1 - - [17/Jan/2019:18:32:27 +0100] "POST /process.php HTTP/1.1" 200 73
::1 - - [17/Jan/2019:18:33:35 +0100] "GET /pass_reset_process.php HTTP/1.1" 200 189
::1 - - [17/Jan/2019:18:33:53 +0100] "GET /pass_reset_process.php HTTP/1.1" 200 189
::1 - - [17/Jan/2019:18:34:04 +0100] "GET /pass_reset_process.php HTTP/1.1" 200 189
::1 - - [17/Jan/2019:18:34:20 +0100] "GET /pass_reset_process.php HTTP/1.1" 200 189
::1 - - [17/Jan/2019:18:34:21 +0100] "GET /pass_reset_process.php HTTP/1.1" 200 189
::1 - - [17/Jan/2019:18:34:27 +0100] "GET /pass_reset_process.php HTTP/1.1" 200 189
::1 - - [17/Jan/2019:18:34:59 +0100] "GET / HTTP/1.1" 302 164
::1 - - [17/Jan/2019:18:34:59 +0100] "GET /login.php HTTP/1.1" 200 792
::1 - - [17/Jan/2019:18:34:59 +0100] "GET /style.css HTTP/1.1" 304 -
::1 - - [17/Jan/2019:18:35:10 +0100] "GET /login.php HTTP/1.1" 200 792
::1 - - [17/Jan/2019:18:36:16 +0100] "GET /login.php HTTP/1.1" 200 792
::1 - - [17/Jan/2019:18:36:16 +0100] "GET /style.css HTTP/1.1" 304 -
::1 - - [17/Jan/2019:18:36:17 +0100] "GET /login.php HTTP/1.1" 200 792
::1 - - [17/Jan/2019:18:36:20 +0100] "GET /index.php HTTP/1.1" 302 164
::1 - - [17/Jan/2019:18:36:20 +0100] "GET /login.php HTTP/1.1" 200 792
::1 - - [17/Jan/2019:18:36:25 +0100] "POST /process.php HTTP/1.1" 302 2
::1 - - [17/Jan/2019:18:36:25 +0100] "GET /index.php HTTP/1.1" 200 1414
::1 - - [17/Jan/2019:18:36:32 +0100] "GET /login.php HTTP/1.1" 200 792
::1 - - [17/Jan/2019:18:37:02 +0100] "GET /login.php HTTP/1.1" 200 792
::1 - - [17/Jan/2019:18:37:05 +0100] "GET /index.php HTTP/1.1" 200 1414
::1 - - [17/Jan/2019:18:37:34 +0100] "GET /login.php HTTP/1.1" 302 792
::1 - - [17/Jan/2019:18:37:34 +0100] "GET /index.php HTTP/1.1" 200 1414
::1 - - [17/Jan/2019:18:37:45 +0100] "GET /logout.php HTTP/1.1" 302 -
::1 - - [17/Jan/2019:18:37:45 +0100] "GET /index.php HTTP/1.1" 302 164
::1 - - [17/Jan/2019:18:37:45 +0100] "GET /login.php HTTP/1.1" 200 792
::1 - - [17/Jan/2019:18:37:45 +0100] "GET /style.css HTTP/1.1" 304 -
::1 - - [17/Jan/2019:18:37:48 +0100] "GET /login.php HTTP/1.1" 200 792
::1 - - [17/Jan/2019:18:37:49 +0100] "GET /login.php HTTP/1.1" 200 792
::1 - - [17/Jan/2019:18:37:51 +0100] "GET /index.php HTTP/1.1" 302 164
::1 - - [17/Jan/2019:18:37:51 +0100] "GET /login.php HTTP/1.1" 200 792
::1 - - [17/Jan/2019:18:38:09 +0100] "POST /process.php HTTP/1.1" 302 2
::1 - - [17/Jan/2019:18:38:09 +0100] "GET /index.php HTTP/1.1" 200 1414
::1 - - [17/Jan/2019:18:38:14 +0100] "GET /login.php HTTP/1.1" 302 792
::1 - - [17/Jan/2019:18:38:14 +0100] "GET /index.php HTTP/1.1" 200 1414
::1 - - [17/Jan/2019:18:38:19 +0100] "GET /login.php HTTP/1.1" 302 792
::1 - - [17/Jan/2019:18:38:19 +0100] "GET /index.php HTTP/1.1" 200 1414
::1 - - [17/Jan/2019:18:38:47 +0100] "GET /index.php HTTP/1.1" 200 1414
::1 - - [17/Jan/2019:18:38:51 +0100] "GET /login.php HTTP/1.1" 302 792
::1 - - [17/Jan/2019:18:38:51 +0100] "GET /index.php HTTP/1.1" 200 1414
::1 - - [17/Jan/2019:18:39:02 +0100] "GET /index.php HTTP/1.1" 200 1414
::1 - - [17/Jan/2019:18:39:06 +0100] "GET /login.php HTTP/1.1" 200 792
::1 - - [17/Jan/2019:18:39:08 +0100] "GET /index.php HTTP/1.1" 200 1414
::1 - - [17/Jan/2019:18:39:10 +0100] "GET /index.php HTTP/1.1" 200 1414
::1 - - [17/Jan/2019:18:39:10 +0100] "GET /index.php HTTP/1.1" 200 1414
::1 - - [17/Jan/2019:18:39:14 +0100] "GET /index.php HTTP/1.1" 200 1414
::1 - - [17/Jan/2019:18:39:18 +0100] "GET /login.php HTTP/1.1" 302 792
::1 - - [17/Jan/2019:18:39:18 +0100] "GET /index.php HTTP/1.1" 200 1414
::1 - - [17/Jan/2019:18:39:18 +0100] "GET /style.css HTTP/1.1" 304 -
::1 - - [17/Jan/2019:18:39:41 +0100] "GET /logout.php HTTP/1.1" 302 -
::1 - - [17/Jan/2019:18:39:41 +0100] "GET /index.php HTTP/1.1" 302 164
::1 - - [17/Jan/2019:18:39:41 +0100] "GET /login.php HTTP/1.1" 200 792
::1 - - [17/Jan/2019:18:39:42 +0100] "POST /process.php HTTP/1.1" 200 73
::1 - - [17/Jan/2019:18:39:47 +0100] "GET /login.php HTTP/1.1" 200 792
::1 - - [17/Jan/2019:18:39:52 +0100] "POST /process.php HTTP/1.1" 200 73
::1 - - [17/Jan/2019:18:39:57 +0100] "GET /login.php HTTP/1.1" 200 792
::1 - - [17/Jan/2019:18:40:04 +0100] "POST /process.php HTTP/1.1" 302 2
::1 - - [17/Jan/2019:18:40:04 +0100] "GET /index.php HTTP/1.1" 200 1414
::1 - - [17/Jan/2019:18:40:21 +0100] "GET /login.php HTTP/1.1" 302 792
::1 - - [17/Jan/2019:18:40:21 +0100] "GET /index.php HTTP/1.1" 200 1414
::1 - - [17/Jan/2019:18:42:26 +0100] "GET /index.php HTTP/1.1" 200 1414
::1 - - [17/Jan/2019:18:42:26 +0100] "GET /style.css HTTP/1.1" 304 -
::1 - - [17/Jan/2019:18:42:30 +0100] "GET /login.php HTTP/1.1" 302 792
::1 - - [17/Jan/2019:18:42:30 +0100] "GET /index.php HTTP/1.1" 200 1414
::1 - - [17/Jan/2019:18:42:47 +0100] "GET /logout.php HTTP/1.1" 302 -
::1 - - [17/Jan/2019:18:42:47 +0100] "GET /index.php HTTP/1.1" 302 164
::1 - - [17/Jan/2019:18:42:47 +0100] "GET /login.php HTTP/1.1" 200 792
::1 - - [17/Jan/2019:18:42:53 +0100] "GET /pass_reset.php HTTP/1.1" 200 1038
::1 - - [17/Jan/2019:18:43:17 +0100] "GET /login.php HTTP/1.1" 200 792
::1 - - [17/Jan/2019:18:43:42 +0100] "POST /process.php HTTP/1.1" 302 2
::1 - - [17/Jan/2019:18:43:42 +0100] "GET /index.php HTTP/1.1" 200 1414
::1 - - [17/Jan/2019:18:43:53 +0100] "GET /index.php HTTP/1.1" 200 1415
::1 - - [17/Jan/2019:18:44:00 +0100] "GET /index.php HTTP/1.1" 200 1414
::1 - - [17/Jan/2019:18:44:20 +0100] "GET /logout.php HTTP/1.1" 302 -
::1 - - [17/Jan/2019:18:44:20 +0100] "GET /index.php HTTP/1.1" 302 164
::1 - - [17/Jan/2019:18:44:20 +0100] "GET /login.php HTTP/1.1" 200 792
::1 - - [17/Jan/2019:18:45:29 +0100] "GET /login.php HTTP/1.1" 200 792
::1 - - [17/Jan/2019:18:45:29 +0100] "GET /style.css HTTP/1.1" 200 1709
::1 - - [17/Jan/2019:18:45:30 +0100] "GET /login.php HTTP/1.1" 200 792
::1 - - [17/Jan/2019:18:45:30 +0100] "GET /style.css HTTP/1.1" 304 -
::1 - - [17/Jan/2019:18:45:38 +0100] "GET /login.php HTTP/1.1" 200 792
::1 - - [17/Jan/2019:18:45:38 +0100] "GET /style.css HTTP/1.1" 200 1709
::1 - - [17/Jan/2019:18:45:39 +0100] "GET /login.php HTTP/1.1" 200 792
::1 - - [17/Jan/2019:18:45:39 +0100] "GET /style.css HTTP/1.1" 304 -
::1 - - [17/Jan/2019:18:45:41 +0100] "GET /login.php HTTP/1.1" 200 792
::1 - - [17/Jan/2019:18:45:41 +0100] "GET /style.css HTTP/1.1" 200 1709
::1 - - [17/Jan/2019:18:45:41 +0100] "GET /logo.jpg HTTP/1.1" 200 96215
::1 - - [17/Jan/2019:18:45:41 +0100] "GET /favicon.ico HTTP/1.1" 404 209
::1 - - [17/Jan/2019:18:45:41 +0100] "GET /login.php HTTP/1.1" 200 792
::1 - - [17/Jan/2019:18:45:41 +0100] "GET /style.css HTTP/1.1" 200 1709
::1 - - [17/Jan/2019:18:45:41 +0100] "GET /logo.jpg HTTP/1.1" 200 96215
::1 - - [17/Jan/2019:18:45:42 +0100] "GET /favicon.ico HTTP/1.1" 404 209
::1 - - [17/Jan/2019:18:45:49 +0100] "GET /login.php HTTP/1.1" 200 792
::1 - - [17/Jan/2019:18:45:49 +0100] "GET /style.css HTTP/1.1" 200 1710
::1 - - [17/Jan/2019:18:45:50 +0100] "GET /login.php HTTP/1.1" 200 792
::1 - - [17/Jan/2019:18:45:50 +0100] "GET /style.css HTTP/1.1" 304 -
::1 - - [17/Jan/2019:18:45:50 +0100] "GET /login.php HTTP/1.1" 200 792
::1 - - [17/Jan/2019:18:45:50 +0100] "GET /style.css HTTP/1.1" 304 -
::1 - - [17/Jan/2019:18:45:54 +0100] "GET /login.php HTTP/1.1" 200 792
::1 - - [17/Jan/2019:18:45:54 +0100] "GET /style.css HTTP/1.1" 200 1710
::1 - - [17/Jan/2019:18:45:56 +0100] "GET /login.php HTTP/1.1" 200 792
::1 - - [17/Jan/2019:18:45:56 +0100] "GET /style.css HTTP/1.1" 200 1710
::1 - - [17/Jan/2019:18:45:56 +0100] "GET /logo.jpg HTTP/1.1" 200 96215
::1 - - [17/Jan/2019:18:45:56 +0100] "GET /favicon.ico HTTP/1.1" 404 209
::1 - - [17/Jan/2019:18:45:56 +0100] "GET /login.php HTTP/1.1" 200 792
::1 - - [17/Jan/2019:18:45:56 +0100] "GET /style.css HTTP/1.1" 200 1710
::1 - - [17/Jan/2019:18:45:56 +0100] "GET /logo.jpg HTTP/1.1" 200 96215
::1 - - [17/Jan/2019:18:45:56 +0100] "GET /favicon.ico HTTP/1.1" 404 209
::1 - - [17/Jan/2019:18:45:57 +0100] "GET /login.php HTTP/1.1" 200 792
::1 - - [17/Jan/2019:18:45:57 +0100] "GET /style.css HTTP/1.1" 200 1710
::1 - - [17/Jan/2019:18:45:57 +0100] "GET /logo.jpg HTTP/1.1" 200 96215
::1 - - [17/Jan/2019:18:45:57 +0100] "GET /favicon.ico HTTP/1.1" 404 209
::1 - - [17/Jan/2019:18:46:08 +0100] "GET /login.php HTTP/1.1" 200 792
::1 - - [17/Jan/2019:18:46:08 +0100] "GET /style.css HTTP/1.1" 200 1709
::1 - - [17/Jan/2019:18:46:09 +0100] "GET /login.php HTTP/1.1" 200 792
::1 - - [17/Jan/2019:18:46:09 +0100] "GET /style.css HTTP/1.1" 200 1709
::1 - - [17/Jan/2019:18:46:09 +0100] "GET /logo.jpg HTTP/1.1" 200 96215
::1 - - [17/Jan/2019:18:46:09 +0100] "GET /favicon.ico HTTP/1.1" 404 209
::1 - - [17/Jan/2019:18:46:10 +0100] "GET /login.php HTTP/1.1" 200 792
::1 - - [17/Jan/2019:18:46:10 +0100] "GET /style.css HTTP/1.1" 200 1709
::1 - - [17/Jan/2019:18:46:10 +0100] "GET /logo.jpg HTTP/1.1" 200 96215
::1 - - [17/Jan/2019:18:46:10 +0100] "GET /favicon.ico HTTP/1.1" 404 209
::1 - - [17/Jan/2019:18:46:14 +0100] "GET /login.php HTTP/1.1" 200 792
::1 - - [17/Jan/2019:18:46:14 +0100] "GET /style.css HTTP/1.1" 200 1709
::1 - - [17/Jan/2019:18:46:15 +0100] "GET /login.php HTTP/1.1" 200 792
::1 - - [17/Jan/2019:18:46:15 +0100] "GET /style.css HTTP/1.1" 200 1709
::1 - - [17/Jan/2019:18:46:15 +0100] "GET /logo.jpg HTTP/1.1" 200 96215
::1 - - [17/Jan/2019:18:46:15 +0100] "GET /favicon.ico HTTP/1.1" 404 209
::1 - - [17/Jan/2019:18:46:16 +0100] "GET /login.php HTTP/1.1" 200 792
::1 - - [17/Jan/2019:18:46:16 +0100] "GET /style.css HTTP/1.1" 200 1709
::1 - - [17/Jan/2019:18:46:16 +0100] "GET /logo.jpg HTTP/1.1" 200 96215
::1 - - [17/Jan/2019:18:46:16 +0100] "GET /favicon.ico HTTP/1.1" 404 209
::1 - - [17/Jan/2019:18:46:16 +0100] "GET /login.php HTTP/1.1" 200 792
::1 - - [17/Jan/2019:18:46:16 +0100] "GET /style.css HTTP/1.1" 200 1709
::1 - - [17/Jan/2019:18:46:16 +0100] "GET /logo.jpg HTTP/1.1" 200 96215
::1 - - [17/Jan/2019:18:46:16 +0100] "GET /favicon.ico HTTP/1.1" 404 209
::1 - - [17/Jan/2019:18:46:33 +0100] "GET /login.php HTTP/1.1" 200 792
::1 - - [17/Jan/2019:18:46:33 +0100] "GET /style.css HTTP/1.1" 200 1715
::1 - - [17/Jan/2019:18:46:40 +0100] "GET /login.php HTTP/1.1" 200 792
::1 - - [17/Jan/2019:18:46:40 +0100] "GET /style.css HTTP/1.1" 200 1706
::1 - - [17/Jan/2019:18:46:40 +0100] "GET /login.php HTTP/1.1" 200 792
::1 - - [17/Jan/2019:18:46:40 +0100] "GET /style.css HTTP/1.1" 304 -
::1 - - [17/Jan/2019:18:46:47 +0100] "GET /login.php HTTP/1.1" 200 792
::1 - - [17/Jan/2019:18:46:47 +0100] "GET /style.css HTTP/1.1" 200 1709
::1 - - [17/Jan/2019:18:46:51 +0100] "GET /login.php HTTP/1.1" 200 792
::1 - - [17/Jan/2019:18:46:51 +0100] "GET /style.css HTTP/1.1" 200 1709
::1 - - [17/Jan/2019:18:46:55 +0100] "GET /login.php HTTP/1.1" 200 792
::1 - - [17/Jan/2019:18:46:55 +0100] "GET /style.css HTTP/1.1" 200 1709
::1 - - [17/Jan/2019:18:46:58 +0100] "GET /login.php HTTP/1.1" 200 792
::1 - - [17/Jan/2019:18:46:58 +0100] "GET /style.css HTTP/1.1" 200 1709
::1 - - [17/Jan/2019:18:47:02 +0100] "GET /login.php HTTP/1.1" 200 792
::1 - - [17/Jan/2019:18:47:02 +0100] "GET /style.css HTTP/1.1" 200 1709
::1 - - [17/Jan/2019:18:47:07 +0100] "GET /login.php HTTP/1.1" 200 792
::1 - - [17/Jan/2019:18:47:07 +0100] "GET /style.css HTTP/1.1" 200 1709
::1 - - [17/Jan/2019:18:47:45 +0100] "GET /login.php HTTP/1.1" 200 792
::1 - - [17/Jan/2019:18:47:45 +0100] "GET /style.css HTTP/1.1" 200 1714
::1 - - [17/Jan/2019:18:47:46 +0100] "GET /login.php HTTP/1.1" 200 792
::1 - - [17/Jan/2019:18:47:46 +0100] "GET /style.css HTTP/1.1" 304 -
::1 - - [17/Jan/2019:18:47:47 +0100] "GET /login.php HTTP/1.1" 200 792
::1 - - [17/Jan/2019:18:47:47 +0100] "GET /style.css HTTP/1.1" 304 -
::1 - - [17/Jan/2019:18:47:50 +0100] "GET /login.php HTTP/1.1" 200 792
::1 - - [17/Jan/2019:18:47:50 +0100] "GET /style.css HTTP/1.1" 200 1709
::1 - - [17/Jan/2019:18:47:51 +0100] "GET /login.php HTTP/1.1" 200 792
::1 - - [17/Jan/2019:18:47:51 +0100] "GET /style.css HTTP/1.1" 304 -
::1 - - [17/Jan/2019:18:48:09 +0100] "GET /login.php HTTP/1.1" 200 792
::1 - - [17/Jan/2019:18:48:09 +0100] "GET /style.css HTTP/1.1" 200 1707
::1 - - [17/Jan/2019:18:48:19 +0100] "GET /login.php HTTP/1.1" 200 792
::1 - - [17/Jan/2019:18:48:19 +0100] "GET /style.css HTTP/1.1" 200 1709
::1 - - [17/Jan/2019:18:48:26 +0100] "GET /login.php HTTP/1.1" 200 792
::1 - - [17/Jan/2019:18:48:26 +0100] "GET /style.css HTTP/1.1" 200 1705
::1 - - [17/Jan/2019:18:48:30 +0100] "GET /login.php HTTP/1.1" 200 792
::1 - - [17/Jan/2019:18:48:30 +0100] "GET /style.css HTTP/1.1" 200 1709
::1 - - [17/Jan/2019:18:48:48 +0100] "GET /login.php HTTP/1.1" 200 792
::1 - - [17/Jan/2019:18:48:48 +0100] "GET /style.css HTTP/1.1" 200 1724
::1 - - [17/Jan/2019:18:48:53 +0100] "GET /login.php HTTP/1.1" 200 792
::1 - - [17/Jan/2019:18:48:53 +0100] "GET /style.css HTTP/1.1" 200 1723
::1 - - [17/Jan/2019:18:48:57 +0100] "GET /login.php HTTP/1.1" 200 792
::1 - - [17/Jan/2019:18:48:57 +0100] "GET /style.css HTTP/1.1" 200 1724
::1 - - [17/Jan/2019:18:49:13 +0100] "GET /login.php HTTP/1.1" 200 792
::1 - - [17/Jan/2019:18:49:13 +0100] "GET /style.css HTTP/1.1" 200 1724
::1 - - [17/Jan/2019:18:49:19 +0100] "GET /login.php HTTP/1.1" 200 792
::1 - - [17/Jan/2019:18:49:19 +0100] "GET /style.css HTTP/1.1" 200 1724
::1 - - [17/Jan/2019:18:49:23 +0100] "GET /login.php HTTP/1.1" 200 792
::1 - - [17/Jan/2019:18:49:23 +0100] "GET /style.css HTTP/1.1" 200 1724
::1 - - [17/Jan/2019:18:49:27 +0100] "GET /login.php HTTP/1.1" 200 792
::1 - - [17/Jan/2019:18:49:27 +0100] "GET /style.css HTTP/1.1" 200 1724
::1 - - [17/Jan/2019:18:49:32 +0100] "GET /login.php HTTP/1.1" 200 792
::1 - - [17/Jan/2019:18:49:32 +0100] "GET /style.css HTTP/1.1" 200 1724
::1 - - [17/Jan/2019:18:49:40 +0100] "GET /login.php HTTP/1.1" 200 792
::1 - - [17/Jan/2019:18:49:40 +0100] "GET /style.css HTTP/1.1" 200 1724
::1 - - [17/Jan/2019:18:49:44 +0100] "GET /login.php HTTP/1.1" 200 792
::1 - - [17/Jan/2019:18:49:44 +0100] "GET /style.css HTTP/1.1" 200 1724
::1 - - [17/Jan/2019:18:49:47 +0100] "GET /login.php HTTP/1.1" 200 792
::1 - - [17/Jan/2019:18:49:47 +0100] "GET /style.css HTTP/1.1" 200 1724
::1 - - [17/Jan/2019:18:50:02 +0100] "GET /login.php HTTP/1.1" 200 792
::1 - - [17/Jan/2019:18:50:02 +0100] "GET /style.css HTTP/1.1" 200 1725
::1 - - [17/Jan/2019:18:50:06 +0100] "GET /login.php HTTP/1.1" 200 792
::1 - - [17/Jan/2019:18:50:06 +0100] "GET /style.css HTTP/1.1" 200 1724
::1 - - [17/Jan/2019:18:50:17 +0100] "GET /pass_reset.php HTTP/1.1" 200 1038
::1 - - [17/Jan/2019:18:50:17 +0100] "GET /style.css HTTP/1.1" 304 -
::1 - - [17/Jan/2019:18:50:34 +0100] "GET /pass_reset.php HTTP/1.1" 200 1042
::1 - - [17/Jan/2019:18:50:34 +0100] "GET /style.css HTTP/1.1" 304 -
::1 - - [17/Jan/2019:18:50:39 +0100] "GET /login.php HTTP/1.1" 200 792
::1 - - [17/Jan/2019:18:50:39 +0100] "GET /style.css HTTP/1.1" 304 -
::1 - - [17/Jan/2019:18:50:49 +0100] "GET /login.php HTTP/1.1" 200 796
::1 - - [17/Jan/2019:18:50:49 +0100] "GET /style.css HTTP/1.1" 304 -
::1 - - [17/Jan/2019:18:50:53 +0100] "GET /login.php HTTP/1.1" 200 792
::1 - - [17/Jan/2019:18:50:53 +0100] "GET /style.css HTTP/1.1" 304 -
::1 - - [17/Jan/2019:18:51:03 +0100] "GET /login.php HTTP/1.1" 200 796
::1 - - [17/Jan/2019:18:51:03 +0100] "GET /style.css HTTP/1.1" 304 -
::1 - - [17/Jan/2019:18:51:10 +0100] "GET /pass_reset.php HTTP/1.1" 200 1042
::1 - - [17/Jan/2019:18:51:10 +0100] "GET /style.css HTTP/1.1" 304 -
::1 - - [17/Jan/2019:18:51:12 +0100] "GET /login.php HTTP/1.1" 200 796
::1 - - [17/Jan/2019:18:51:14 +0100] "GET /pass_reset.php HTTP/1.1" 200 1042
::1 - - [17/Jan/2019:18:51:16 +0100] "GET /login.php HTTP/1.1" 200 796
::1 - - [17/Jan/2019:18:51:19 +0100] "GET /index.php HTTP/1.1" 302 164
::1 - - [17/Jan/2019:18:51:19 +0100] "GET /login.php HTTP/1.1" 200 796
::1 - - [17/Jan/2019:18:51:19 +0100] "GET /style.css HTTP/1.1" 304 -
::1 - - [17/Jan/2019:18:51:25 +0100] "GET /index.php HTTP/1.1" 302 164
::1 - - [17/Jan/2019:18:51:25 +0100] "GET /login.php HTTP/1.1" 200 796
::1 - - [17/Jan/2019:18:53:27 +0100] "POST /process.php HTTP/1.1" 200 73
::1 - - [17/Jan/2019:18:53:33 +0100] "GET /login.php HTTP/1.1" 200 796
::1 - - [17/Jan/2019:18:53:33 +0100] "GET /style.css HTTP/1.1" 304 -
::1 - - [17/Jan/2019:18:53:37 +0100] "POST /process.php HTTP/1.1" 302 2
::1 - - [17/Jan/2019:18:53:37 +0100] "GET /index.php HTTP/1.1" 200 1414
