2019-01-14 19:40:09 3260 [Note] Plugin 'FEDERATED' is disabled.
2019-01-14 19:40:09 3260 [Note] InnoDB: The InnoDB memory heap is disabled
2019-01-14 19:40:09 3260 [Note] InnoDB: Mutexes and rw_locks use Windows interlocked functions
2019-01-14 19:40:09 3260 [Note] InnoDB: Compressed tables use zlib 1.2.3
2019-01-14 19:40:09 3260 [Note] InnoDB: Not using CPU crc32 instructions
2019-01-14 19:40:09 3260 [Note] InnoDB: Initializing buffer pool, size = 128.0M
2019-01-14 19:40:09 3260 [Note] InnoDB: Completed initialization of buffer pool
2019-01-14 19:40:09 3260 [Note] InnoDB: Setting log file D:\Project\Website\WEBSERVER\mysql\data\ib_logfile101 size to 5 MB
2019-01-14 19:40:09 3260 [Note] InnoDB: Setting log file D:\Project\Website\WEBSERVER\mysql\data\ib_logfile1 size to 5 MB
2019-01-14 19:40:09 3260 [Note] InnoDB: Renaming log file D:\Project\Website\WEBSERVER\mysql\data\ib_logfile101 to D:\Project\Website\WEBSERVER\mysql\data\ib_logfile0
2019-01-14 19:40:09 3260 [Warning] InnoDB: New log files created, LSN=1626134
2019-01-14 19:40:09 3260 [Note] InnoDB: Highest supported file format is Barracuda.
2019-01-14 19:40:09 3260 [Note] InnoDB: 128 rollback segment(s) are active.
2019-01-14 19:40:09 3260 [Note] InnoDB: Waiting for purge to start
2019-01-14 19:40:09 3260 [Note] InnoDB: 5.6.13 started; log sequence number 1626636
2019-01-14 19:40:09 3260 [Warning] No existing UUID has been found, so we assume that this is the first time that this server has been started. Generating a new UUID: d21193f7-182b-11e9-8079-88d7f62f5183.
2019-01-14 19:40:09 3260 [Note] Server hostname (bind-address): '*'; port: 3307
2019-01-14 19:40:09 3260 [Note] IPv6 is available.
2019-01-14 19:40:09 3260 [Note]   - '::' resolves to '::';
2019-01-14 19:40:09 3260 [Note] Server socket created on IP: '::'.
22019-119-01-15 10:471719  [N88 [N Plug Pn 'FEDERATED'ATis ' isabled.
led.
2019-01-15 10:47:19 12019-01-15 10:47B: The InnoDB memory hea p i InnoDB mem
ory heap is disabled
2019-01-15 10:47:12 175-01-15 e]0:Inn:1DB:678ute[Note] InnoDB: M utexWes and rw_locks use Windows i
nterlocked functions
2019-01-15 10:47:19 1752019-01-15 10:47:19 6788 [Note] InnoDB: Compressed
 tables use zlib 1.2.3
2019-01-15 110:47:19 652 [Note]teInnInno: Not us usg Cg CPUcrcrc3 instructitinss
2019-01-15 10:47:19 1752 [Note] InnoDB: Inite] InnoDB: Initialoozin s bue = 128o.0M
size = 128.0M
2209-01-15 10:474:19 6788 [Notote I InonoBD C Completed initialization of buffer poo
l
2019-01-15 10:47:19 6788 [ERROR] InnoDB: D:\Project\Website\WEBSERVER\mysql\data\ibdata1 can't be opened in read-write mode
2019-01-15 10:47:19 6788 [ERROR] InnoDB: The system tablespace must be writable!
2019-01-15 10:47:19 6788 [ERROR] Plugin 'InnoDB' init function returned error.
2019-01-15 10:47:19 6788 [ERROR] Plugin 'InnoDB' registration as a STORAGE ENGINE failed.
2019-01-15 10:47:19 6788 [ERROR] Unknown/unsupported storage engine: InnoDB
2019-01-15 10:47:19 6788 [ERROR] Aborting

2019-01-15 10:47:19 6788 [Note] Binlog end
2019-01-15 10:47:19 6788 [Note] Shutting down plugin 'partition'
2019-01-15 10:47:19 6788 [Note] Shutting down plugin 'PERFORMANCE_SCHEMA'
2019-01-15 10:47:19 6788 [Note] Shutting down plugin 'INNODB_SYS_DATAFILES'
2019-01-15 10:47:19 6788 [Note] Shutting down plugin 'INNODB_SYS_TABLESPACES'
2019-01-15 10:47:19 6788 [Note] Shutting down plugin 'INNODB_SYS_FOREIGN_COLS'
2019-01-15 10:47:19 6788 [Note] Shutting down plugin 'INNODB_SYS_FOREIGN'
2019-01-15 10:47:19 6788 [Note] Shutting down plugin 'INNODB_SYS_FIELDS'
2019-01-15 10:47:19 6788 [Note] Shutting down plugin 'INNODB_SYS_COLUMNS'
2019-01-15 10:47:19 6788 [Note] Shutting down plugin 'INNODB_SYS_INDEXES'
2019-01-15 10:47:19 6788 [Note] Shutting down plugin 'INNODB_SYS_TABLESTATS'
2019-01-15 10:47:19 6788 [Note] Shutting down plugin 'INNODB_SYS_TABLES'
2019-01-15 10:47:19 6788 [Note] Shutting down plugin 'INNODB_FT_INDEX_TABLE'
2019-01-15 10:47:19 6788 [Note] Shutting down plugin 'INNODB_FT_INDEX_CACHE'
2019-01-15 10:47:19 6788 [Note] Shutting down plugin 'INNODB_FT_CONFIG'
2019-01-15 10:47:19 6788 [Note] Shutting down plugin 'INNODB_FT_BEING_DELETED'
2019-01-15 10:47:19 6788 [Note] Shutting down plugin 'INNODB_FT_DELETED'
2019-01-15 10:47:19 6788 [Note] Shutting down plugin 'INNODB_FT_DEFAULT_STOPWORD'
2019-01-15 10:47:19 6788 [Note] Shutting down plugin 'INNODB_METRICS'
2019-01-15 10:47:19 6788 [Note] Shutting down plugin 'INNODB_BUFFER_POOL_STATS'
2019-01-15 10:47:19 6788 [Note] Shutting down plugin 'INNODB_BUFFER_PAGE_LRU'
2019-01-15 10:47:19 6788 [Note] Shutting down plugin 'INNODB_BUFFER_PAGE'
2019-01-15 10:47:19 6788 [Note] Shutting down plugin 'INNODB_CMP_PER_INDEX_RESET'
2019-01-15 10:47:19 6788 [Note] Shutting down plugin 'INNODB_CMP_PER_INDEX'
2019-01-15 10:47:19 6788 [Note] Shutting down plugin 'INNODB_CMPMEM_RESET'
2019-01-15 10:47:19 6788 [Note] Shutting down plugin 'INNODB_CMPMEM'
2019-01-15 10:47:19 6788 [Note] Shutting down plugin 'INNODB_CMP_RESET'
2019-01-15 10:47:19 6788 [Note] Shutting down plugin 'INNODB_CMP'
2019-01-15 10:47:19 6788 [Note] Shutting down plugin 'INNODB_LOCK_WAITS'
2019-01-15 10:47:19 6788 [Note] Shutting down plugin 'INNODB_LOCKS'
2019-01-15 10:47:19 6788 [Note] Shutting down plugin 'INNODB_TRX'
2019-01-15 10:47:19 6788 [Note] Shutting down plugin 'BLACKHOLE'
2019-01-15 10:47:19 6788 [Note] Shutting down plugin 'ARCHIVE'
2019-01-15 10:47:19 6788 [Note] Shutting down plugin 'MRG_MYISAM'
2019-01-15 10:47:19 6788 [Note] Shutting down plugin 'MyISAM'
2019-01-15 10:47:19 6788 [Note] Shutting down plugin 'MEMORY'
2019-01-15 10:47:19 6788 [Note] Shutting down plugin 'CSV'
2019-01-15 10:47:19 6788 [Note] Shutting down plugin 'sha256_password'
2019-01-15 10:47:19 6788 [Note] Shutting down plugin 'mysql_old_password'
2019-01-15 10:47:19 6788 [Note] Shutting down plugin 'mysql_native_password'
2019-01-15 10:47:19 6788 [Note] Shutting down plugin 'binlog'
2019-01-15 10:47:19 6788 [Note] D:\Project\Website\WEBSERVER/mysql/bin/mysqld_usbwv8.exe: Shutdown complete

2019-01-15 10:47:20 1752 [Note] InnoDB: Highest supported file format is Barracuda.
2019-01-15 10:47:20 1752 [Note] InnoDB: The log sequence numbers 1626134 and 1626134 in ibdata files do not match the log sequence number 1626646 in the ib_logfiles!
2019-01-15 10:47:20 1752 [Note] InnoDB: Database was not shutdown normally!
2019-01-15 10:47:20 1752 [Note] InnoDB: Starting crash recovery.
2019-01-15 10:47:20 1752 [Note] InnoDB: Reading tablespace information from the .ibd files...
2019-01-15 10:47:20 1752 [Note] InnoDB: Restoring possible half-written data pages 
2019-01-15 10:47:20 1752 [Note] InnoDB: from the doublewrite buffer...
2019-01-15 10:47:20 1752 [Note] InnoDB: 128 rollback segment(s) are active.
2019-01-15 10:47:21 1752 [Note] InnoDB: Waiting for purge to start
2019-01-15 10:47:21 1752 [Note] InnoDB: 5.6.13 started; log sequence number 1626646
2019-01-15 10:47:21 1752 [Note] Server hostname (bind-address): '*'; port: 3307
2019-01-15 10:47:21 1752 [Note] IPv6 is available.
2019-01-15 10:47:21 1752 [Note]   - '::' resolves to '::';
2019-01-15 10:47:21 1752 [Note] Server socket created on IP: '::'.
2019-01-15 10:50:49 13292 [Note] Plugin 'FEDERATED' is disabled.
2019-01-15 10:50:49 13292 [Note] InnoDB: The InnoDB memory heap is disabled
2019-01-15 10:50:49 13292 [Note] InnoDB: Mutexes and rw_locks use Windows interlocked functions
2019-01-15 10:50:49 13292 [Note] InnoDB: Compressed tables use zlib 1.2.3
2019-01-15 10:50:49 13292 [Note] InnoDB: Not using CPU crc32 instructions
2019-01-15 10:50:49 13292 [Note] InnoDB: Initializing buffer pool, size = 128.0M
2019-01-15 10:50:49 13292 [Note] InnoDB: Completed initialization of buffer pool
2019-01-15 10:50:49 13292 [Note] InnoDB: Highest supported file format is Barracuda.
2019-01-15 10:50:49 13292 [Note] InnoDB: The log sequence numbers 1626134 and 1626134 in ibdata files do not match the log sequence number 1626646 in the ib_logfiles!
2019-01-15 10:50:49 13292 [Note] InnoDB: Database was not shutdown normally!
2019-01-15 10:50:49 13292 [Note] InnoDB: Starting crash recovery.
2019-01-15 10:50:49 13292 [Note] InnoDB: Reading tablespace information from the .ibd files...
2019-01-15 10:50:49 13292 [Note] InnoDB: Restoring possible half-written data pages 
2019-01-15 10:50:49 13292 [Note] InnoDB: from the doublewrite buffer...
2019-01-15 10:50:50 13292 [Note] InnoDB: 128 rollback segment(s) are active.
2019-01-15 10:50:50 13292 [Note] InnoDB: Waiting for purge to start
2019-01-15 10:50:50 13292 [Note] InnoDB: 5.6.13 started; log sequence number 1626646
2019-01-15 10:50:50 13292 [Note] Server hostname (bind-address): '*'; port: 3307
2019-01-15 10:50:50 13292 [Note] IPv6 is available.
2019-01-15 10:50:50 13292 [Note]   - '::' resolves to '::';
2019-01-15 10:50:50 13292 [Note] Server socket created on IP: '::'.
2019-01-15 12:48:05 10716 [Note] Plugin 'FEDERATED' is disabled.
2019-01-15 12:48:05 10716 [Note] InnoDB: The InnoDB memory heap is disabled
2019-01-15 12:48:05 10716 [Note] InnoDB: Mutexes and rw_locks use Windows interlocked functions
2019-01-15 12:48:05 10716 [Note] InnoDB: Compressed tables use zlib 1.2.3
2019-01-15 12:48:05 10716 [Note] InnoDB: Not using CPU crc32 instructions
2019-01-15 12:48:05 10716 [Note] InnoDB: Initializing buffer pool, size = 128.0M
2019-01-15 12:48:05 10716 [Note] InnoDB: Completed initialization of buffer pool
2019-01-15 12:48:05 10716 [Note] InnoDB: Highest supported file format is Barracuda.
2019-01-15 12:48:05 10716 [Note] InnoDB: The log sequence numbers 1626134 and 1626134 in ibdata files do not match the log sequence number 1633718 in the ib_logfiles!
2019-01-15 12:48:05 10716 [Note] InnoDB: Database was not shutdown normally!
2019-01-15 12:48:05 10716 [Note] InnoDB: Starting crash recovery.
2019-01-15 12:48:05 10716 [Note] InnoDB: Reading tablespace information from the .ibd files...
2019-01-15 12:48:05 10716 [Note] InnoDB: Restoring possible half-written data pages 
2019-01-15 12:48:05 10716 [Note] InnoDB: from the doublewrite buffer...
2019-01-15 12:48:06 10716 [Note] InnoDB: 128 rollback segment(s) are active.
2019-01-15 12:48:06 10716 [Note] InnoDB: Waiting for purge to start
2019-01-15 12:48:07 10716 [Note] InnoDB: 5.6.13 started; log sequence number 1633718
2019-01-15 12:48:07 10716 [Note] Server hostname (bind-address): '*'; port: 3307
2019-01-15 12:48:07 10716 [Note] IPv6 is available.
2019-01-15 12:48:07 10716 [Note]   - '::' resolves to '::';
2019-01-15 12:48:07 10716 [Note] Server socket created on IP: '::'.
2019-01-15 18:49:34 18152 [Note] Plugin 'FEDERATED' is disabled.
2019-01-15 18:49:34 18152 [Note] InnoDB: The InnoDB memory heap is disabled
2019-01-15 18:49:34 18152 [Note] InnoDB: Mutexes and rw_locks use Windows interlocked functions
2019-01-15 18:49:34 18152 [Note] InnoDB: Compressed tables use zlib 1.2.3
2019-01-15 18:49:34 18152 [Note] InnoDB: Not using CPU crc32 instructions
2019-01-15 18:49:34 18152 [Note] InnoDB: Initializing buffer pool, size = 128.0M
2019-01-15 18:49:34 18152 [Note] InnoDB: Completed initialization of buffer pool
2019-01-15 18:49:34 18152 [Note] InnoDB: Highest supported file format is Barracuda.
2019-01-15 18:49:34 18152 [Note] InnoDB: The log sequence numbers 1626134 and 1626134 in ibdata files do not match the log sequence number 1633728 in the ib_logfiles!
2019-01-15 18:49:34 18152 [Note] InnoDB: Database was not shutdown normally!
2019-01-15 18:49:34 18152 [Note] InnoDB: Starting crash recovery.
2019-01-15 18:49:34 18152 [Note] InnoDB: Reading tablespace information from the .ibd files...
2019-01-15 18:49:34 18152 [Note] InnoDB: Restoring possible half-written data pages 
2019-01-15 18:49:34 18152 [Note] InnoDB: from the doublewrite buffer...
2019-01-15 18:49:35 18152 [Note] InnoDB: 128 rollback segment(s) are active.
2019-01-15 18:49:35 18152 [Note] InnoDB: Waiting for purge to start
2019-01-15 18:49:35 18152 [Note] InnoDB: 5.6.13 started; log sequence number 1633728
2019-01-15 18:49:35 18152 [Note] Server hostname (bind-address): '*'; port: 3307
2019-01-15 18:49:35 18152 [Note] IPv6 is available.
2019-01-15 18:49:35 18152 [Note]   - '::' resolves to '::';
2019-01-15 18:49:35 18152 [Note] Server socket created on IP: '::'.
2019-01-17 10:55:56 12684 [Note] Plugin 'FEDERATED' is disabled.
2019-01-17 10:55:56 12684 [Note] InnoDB: The InnoDB memory heap is disabled
2019-01-17 10:55:56 12684 [Note] InnoDB: Mutexes and rw_locks use Windows interlocked functions
2019-01-17 10:55:56 12684 [Note] InnoDB: Compressed tables use zlib 1.2.3
2019-01-17 10:55:56 12684 [Note] InnoDB: Not using CPU crc32 instructions
2019-01-17 10:55:56 12684 [Note] InnoDB: Initializing buffer pool, size = 128.0M
2019-01-17 10:55:56 12684 [Note] InnoDB: Completed initialization of buffer pool
2019-01-17 10:55:56 12684 [Note] InnoDB: Highest supported file format is Barracuda.
2019-01-17 10:55:56 12684 [Note] InnoDB: The log sequence numbers 1626134 and 1626134 in ibdata files do not match the log sequence number 1633738 in the ib_logfiles!
2019-01-17 10:55:56 12684 [Note] InnoDB: Database was not shutdown normally!
2019-01-17 10:55:56 12684 [Note] InnoDB: Starting crash recovery.
2019-01-17 10:55:56 12684 [Note] InnoDB: Reading tablespace information from the .ibd files...
2019-01-17 10:55:57 12684 [Note] InnoDB: Restoring possible half-written data pages 
2019-01-17 10:55:57 12684 [Note] InnoDB: from the doublewrite buffer...
2019-01-17 10:55:57 12684 [Note] InnoDB: 128 rollback segment(s) are active.
2019-01-17 10:55:57 12684 [Note] InnoDB: Waiting for purge to start
2019-01-17 10:55:57 12684 [Note] InnoDB: 5.6.13 started; log sequence number 1633738
2019-01-17 10:55:57 12684 [Note] Server hostname (bind-address): '*'; port: 3307
2019-01-17 10:55:57 12684 [Note] IPv6 is available.
2019-01-17 10:55:57 12684 [Note]   - '::' resolves to '::';
2019-01-17 10:55:57 12684 [Note] Server socket created on IP: '::'.
